20221219	12:41:05	5f2b3310-78ca-4939-8ac0-9862240dd33b	GET	/	undefined
20221219	12:41:05	4894a7ff-6cca-4420-97c7-6ad4f32bc017	GET	/css/style.css	undefined
20221219	12:41:05	bcab10d2-06a2-4ff7-814c-bec5f35c5b25	GET	/cart.json	undefined
20221219	12:41:18	6d7dceca-0879-49d1-b25d-156766d93202	GET	/css/style.css	undefined
20221219	12:42:15	d5296513-9115-4de1-a660-998ce42f95a3	GET	/css/styles.css	undefined
20221219	12:42:15	d44d266c-9970-4d1e-9677-2df1d96c9fc2	GET	/css/css/style.css	undefined
20221219	12:42:17	c067cd55-9715-46d0-9345-f9375bdbda99	GET	/cart.json	undefined
20221219	12:42:22	bc6bbcb9-dfe4-4a21-816b-64ffcfcaa6bd	GET	/css/styles.css	undefined
20221219	12:42:22	0315f44c-4d1a-411f-ac4a-294a4887b718	GET	/css/css/style.css	undefined
20221219	12:42:23	5de2b29a-476d-4f84-8469-79a659c0a8d3	GET	/cart.json	undefined
20221219	12:42:31	b4bc3f4e-199e-4ff5-9d0b-ccd1e3e2035a	GET	/css/styles.css	undefined
20221219	12:42:32	a0d90cff-d5a2-4f99-90ce-85dfded5cc94	GET	/css/css/style.css	undefined
20221219	12:42:32	c64c84eb-3c3b-4775-b01a-adf125492cf1	GET	/cart.json	undefined
20221219	12:43:06	6ed01541-31b5-4340-977a-d83d3de219ac	GET	/	undefined
20221219	12:43:06	6f294f60-4e34-4113-86fa-9c980447eb61	GET	/css/style.css	undefined
20221219	12:43:07	1ab17353-ae8a-4298-844b-10cff3702e4c	GET	/cart.json	undefined
20221219	13:04:02	c8f1d6ff-8b5f-43aa-ada5-18634da7db36	GET	/asdcv	undefined
20221219	13:04:02	c9635c4c-fd9a-400a-a25a-dcca668d5476	GET	/css/style.css	undefined
20221219	13:04:03	41ddd5a8-4f8c-4f78-95fd-3758311e0072	GET	/cart.json	undefined
20221219	13:04:10	611485d1-3246-443e-888a-31e4f08ec376	GET	/	undefined
20221219	13:04:10	cae94505-fbfc-43ac-ae79-2064c3865aa1	GET	/css/style.css	undefined
20221219	13:04:10	59df7b2d-6cee-49ef-bde8-f0ba0fbb0740	GET	/cart.json	undefined
20221219	13:04:32	8a824eef-6165-4f84-998b-8d8baf6dce43	GET	/dave	undefined
20221219	13:04:32	b9746312-50cc-41b1-83b5-51d1820c7fae	GET	/css/style.css	undefined
20221219	13:04:33	a58ac9d5-c43c-4a34-bdb1-81d440b3e69d	GET	/cart.json	undefined
20221219	13:04:44	1bb5677b-ade8-4928-9214-136e7509461a	GET	/	undefined
20221219	13:04:44	773eea49-b16a-47bb-b853-2c7c88278c84	GET	/css/style.css	undefined
20221219	13:04:44	16529473-513d-4cab-a4e1-5eaf8ebf57f2	GET	/cart.json	undefined
20221219	14:14:25	03fc4ad9-475d-450e-9140-4462488412a9	OPTIONS	/	https://www.google.com
20221219	14:14:25	2b6e11cb-dea9-47a9-8421-9592b3936963	GET	/	https://www.google.com
20221219	14:15:23	3d1000a8-da32-489b-86b6-4e16bbd8e011	OPTIONS	/	https://www.google.com
20221219	14:15:23	42b4c48e-b851-41c4-98f6-c571c0561ceb	GET	/	https://www.google.com
20221219	14:16:01	0039538b-836a-4120-8ac8-4ac6f32da8d2	OPTIONS	/	https://www.google.com
20221219	14:16:01	fad874da-60c8-4188-b889-59ea2fc354a3	GET	/	https://www.google.com
20221219	14:16:12	d481e2d9-1aa4-415e-b2f5-149b5500207b	OPTIONS	/	https://www.google.com
20221219	14:16:12	4aed8865-3e19-450e-9aaf-5195818022be	GET	/	https://www.google.com
20221219	14:16:26	403ce487-b032-4950-b666-d34a76d7f28b	OPTIONS	/	https://www.google.com
20221219	14:16:26	e95e7ee4-de0c-441f-a13a-9e3715b30b47	GET	/	https://www.google.com
20221219	14:16:57	60e7edbc-c138-4ca9-bb8a-8fe13f320bf7	OPTIONS	/	https://www.google.com
20221219	14:16:57	21b4d056-3e0b-42e8-9c17-62f32add7fc4	GET	/	https://www.google.com
20221219	14:17:00	6a88bcf9-03bd-47fd-bca3-dc491af3b229	GET	/	https://www.google.com
20221219	14:17:03	f7443a4e-06ca-4995-b009-4a0716583ba7	OPTIONS	/	https://www.google.com
20221219	14:17:03	07487ef0-bbe1-4bae-a05a-28ca0054a00a	GET	/	https://www.google.com
20221219	14:21:24	8c282946-1b78-4c2c-af99-9855ab5fb791	GET	/	undefined
20221219	14:21:25	3c7ca937-6b97-46d0-a5ff-2a7fe20bd28b	GET	/css/style.css	undefined
20221219	14:21:26	c4e463a9-6f51-4ccb-a1d8-af8bf2bdf065	GET	/cart.json	undefined
20221219	14:22:09	2140075f-0a39-4347-8672-7138000fddfe	OPTIONS	/	https://www.google.com
20221219	14:22:09	e95a6a11-ea82-46f4-9b70-fe9e08d7803b	GET	/	https://www.google.com
20221219	14:22:58	628efc61-5cdb-465c-abf7-0fcfe0b098c4	OPTIONS	/	https://www.google.com
20221219	14:22:58	620c2f30-3581-45b5-a0d2-d5c32a68cad4	GET	/	https://www.google.com
20221219	14:23:26	1cfb8a5c-ae1d-4f80-bee4-c4e01f3d7933	OPTIONS	/	https://www.google.com
20221219	14:23:26	c3bdaaa4-88d8-408e-93b4-0ba06cc14583	GET	/	https://www.google.com
20221219	14:24:06	88bed0a4-033e-4f43-ae3e-d1ee74a1e0e1	OPTIONS	/	https://www.google.com
20221219	14:24:06	d9f19368-82f7-4761-85bc-ec4ab5ebf6f5	GET	/	https://www.google.com
20221219	14:24:16	262ff6f4-f391-4ff6-a2aa-99df084969b8	OPTIONS	/	https://www.google.com
20221219	14:24:16	dc8e83ff-3321-49ca-a652-f85fcd969316	GET	/	https://www.google.com
20221219	14:25:36	120621fb-81e6-4ec4-8b39-47d254a0d15b	OPTIONS	/	https://www.google.com
20221219	14:25:36	de65c471-6340-43c2-9923-8406841e7be5	GET	/	https://www.google.com
20221220	08:42:11	b6f18810-bf85-4fc7-a5ef-182a619424de	GET	/users	undefined
20221220	08:42:13	f405230e-fc6e-4953-9851-d40ef3d7ecfc	GET	/cart.json	undefined
20221220	08:42:14	c3739814-1151-4013-af00-524aea2b25d3	GET	/favicon.ico	undefined
20221220	10:07:38	af1e802a-9f62-447b-b7fb-f686c5f4a017	GET	/users	undefined
20221220	10:08:23	0fed4e00-8930-4436-a407-b1c3d0550a55	DELETE	/users/890--	undefined
20221220	10:10:46	b9342ed9-6974-4d05-8aaf-aea3534f04e7	GET	/users	undefined
20221220	10:13:33	d2369b4a-20c0-4da3-b4ee-efde7aee8e46	GET	/users	undefined
20221220	10:13:40	d9661f11-bbf6-460d-a0e4-6e8859765ed5	POST	/users	undefined
20221220	10:14:05	b0b0bf63-5aac-4a7b-8f10-032fba9c32ea	POST	/users	undefined
20221220	10:14:20	4114b707-ff59-477e-8b10-20029e8cd4e4	POST	/users	undefined
20221220	10:16:00	2f4002fe-02d4-4904-94ad-852718778c4e	POST	/users	undefined
20221220	10:16:19	cbe59e0b-4e7c-48b5-a5e1-85d6ef7c8e55	GET	/users	undefined
20221220	10:19:21	0628d85b-c9da-425a-8304-5f13660896c7	PATCH	/users	undefined
20221220	10:19:50	a1492570-da6d-4972-8c85-1f9c207542b1	PATCH	/users	undefined
20221220	10:20:29	49e1ec6e-139b-4511-be20-52f499783a3d	PATCH	/users	undefined
20221220	10:21:11	bc03a3a9-72ad-4d37-ae6d-b3ac8909d495	GET	/users	undefined
20221220	10:21:23	ef44d310-8d0b-4c46-873a-7d2c1bbafaa6	GET	/users	undefined
20221220	10:21:30	08aba576-8377-4e92-a5a7-632dede519d2	GET	/users	undefined
20221220	10:21:59	893a53a3-6f26-4997-abf9-b79864ec6a7e	GET	/users	undefined
20221220	10:22:04	49ddf9e5-c81a-4a9c-aa23-15a9e80a3fbf	PATCH	/users	undefined
20221220	10:22:15	0cc9914a-cea4-413d-ab08-a36157d3f989	PATCH	/users	undefined
20221220	10:22:35	252ef2c4-a159-4a98-94e4-6ae09325bb22	PATCH	/users	undefined
20221220	10:22:41	d07512f1-399c-46ea-bdde-b98b08e208e9	GET	/users	undefined
20221220	10:24:05	9d27bff4-23a4-4293-9f7a-e5ba0f38a3bd	POST	/users	undefined
20221220	10:57:34	6fc0d7f6-54b6-472e-b6d8-a12653bc00b8	DELETE	/users	undefined
20221220	10:57:40	282987f4-672d-485d-9efb-c7d6ee5a55b5	GET	/users	undefined
20221221	16:48:51	397c679b-4699-4798-8057-cba240a6770a	GET	/	undefined
20221221	16:48:52	cca4935d-a3ed-4a66-84f0-aac04cd02819	GET	/css/style.css	undefined
20221221	16:48:53	fd176616-ed8e-4d67-9d60-b9d72bd46ebc	GET	/cart.json	undefined
20221221	16:48:53	75e8f14d-35d2-4d86-a6a9-3dd5236d5cf8	GET	/favicon.ico	undefined
20221221	16:53:09	f789a3c5-e412-4cfe-aa03-522ed26752c4	GET	/users	http://localhost:3000
20221221	16:54:01	724cf8d1-d400-4e53-9a1e-f866c58cc3b1	GET	/users	http://localhost:3000
20221221	16:54:41	931d3d9d-302b-42ff-80df-d34cfde8bbd6	GET	/users	http://localhost:3000
20221221	16:54:55	9836e504-a853-42e2-a385-dacda2cdef4a	GET	/users	http://localhost:3000
20221221	16:58:39	118fad43-b7cc-420f-b50c-a460e92d0a99	POST	/users	undefined
20221221	16:58:46	e1cd6d33-7da3-45d3-a30e-b95a7c0a1c06	GET	/users	http://localhost:3000
20221221	16:59:21	e5746606-533c-4c2e-91a7-3708405d9631	POST	/users	undefined
20221221	16:59:25	cd24f9d4-65bc-4277-8302-0b1f00540be3	GET	/users	http://localhost:3000
20221221	17:02:22	cfdf5eb6-565a-443b-bfbb-bd8eb69907e8	GET	/users	undefined
20221221	17:02:23	b9ce099a-bdca-4f8e-80e3-9e511a79bb1b	GET	/cart.json	undefined
20221221	17:03:18	7fa3e6a6-2fa4-4726-8143-84cb2817bc54	GET	/users	undefined
20221221	17:03:19	a91942dd-fafc-4541-839f-d4a3dc062d13	GET	/cart.json	undefined
20221221	17:03:32	1c6b0755-f9ff-445f-bc4f-5b0428a51625	GET	/users	undefined
20221221	17:03:32	3cc0e9c3-d7b5-4e95-9ab8-c68ace22ec58	GET	/cart.json	undefined
20221221	17:14:56	4bf1f5d1-ad8a-4710-9e29-34f30f935e42	GET	/notes	http://localhost:3000
20221221	21:13:54	5adc152e-c74a-4068-8097-0fc3eace54ba	GET	/users	undefined
20221221	21:13:56	e87cffe5-645c-45cd-929f-799fbb629414	GET	/cart.json	undefined
20221221	21:14:07	c87bde60-4336-48aa-aef6-abb7dab5a4b2	GET	/users	undefined
20221221	21:14:08	f5325163-a5fd-4fe4-b38b-50d33b8fe624	GET	/cart.json	undefined
20221221	21:57:06	1228bf90-284c-4708-b3c2-c8ce4c0bdc4e	GET	/cart.json	undefined
20221221	22:13:01	135288d2-2c55-42ee-b070-5d4898b796d3	GET	/notes	undefined
20221221	22:13:02	2a2a9aa5-2aa0-48ee-9bea-6351d3ef6cca	GET	/cart.json	undefined
20221221	22:16:37	28d4446c-b79f-4ed2-a268-b3b24b681561	POST	/note	undefined
20221221	22:17:04	b9959a23-a222-4de4-b677-1825a9cdd993	POST	/notes	undefined
20221221	22:17:16	967aec67-56a1-49fa-993a-1a4aea318ab0	POST	/notes	undefined
20221221	22:17:49	db262aad-1aa2-41c0-a964-9b2f19f32442	GET	/users	undefined
20221221	22:17:51	2ad59973-4ec1-4945-91ef-e07ef9871209	GET	/cart.json	undefined
20221221	22:18:23	843a337f-b045-4302-957e-3fac963def1b	POST	/notes	undefined
20221221	22:18:31	75549618-78c9-4602-8fd5-6b0d1ddf4809	GET	/notes	undefined
20221221	22:18:32	5d92cadd-44fd-4dc5-a058-0fba71db2c3c	GET	/cart.json	undefined
20221221	22:58:05	ed51b3e4-7e34-4225-a642-9a8c88090320	GET	/cart.json	undefined
20221222	00:43:44	57f6d2ad-633d-4d06-a02e-13c88fef008b	GET	/notes	http://localhost:3000
20221222	00:56:55	6b375026-ffd2-40f5-bb7b-57ffe0a0102e	GET	/users	http://localhost:3000
20221222	00:57:11	0899aa32-c1b7-4f7b-8bbb-8c4f0356a82b	GET	/users	http://localhost:3000
20221222	00:57:17	8d67a614-3fca-432d-aa68-e27580b8e2fc	OPTIONS	/users	http://localhost:3000
20221222	00:57:17	86c4b001-db22-4388-b442-cc0b0fa44833	PATCH	/users	http://localhost:3000
20221222	00:59:02	59574b69-09e1-4e34-8a6a-b517713e6acc	GET	/notes	http://localhost:3000
20221222	00:59:09	0cf59b42-35da-44ab-a066-ac1d517f86ea	GET	/users	http://localhost:3000
20221222	01:09:18	b06bf038-3091-44c6-97cd-a75c908a29d2	GET	/notes	http://localhost:3000
20221222	01:12:36	8ffc06e5-2053-4fc6-9ace-e8233f51a24e	GET	/users	http://localhost:3000
20221222	01:21:08	2772ab9b-14fd-489e-86be-2594ea2d95c8	OPTIONS	/users	http://localhost:3000
20221222	01:21:08	9794d709-c9f7-4dd5-970b-3f16ec37c781	DELETE	/users	http://localhost:3000
20221222	01:21:08	5080469f-8d4b-4747-b981-4c43af9eb913	GET	/users	http://localhost:3000
20221222	01:22:23	8304a105-69e3-46b2-bd58-dbff3bfc56fa	GET	/notes	http://localhost:3000
20221222	01:22:23	6b3ba54a-e800-4f9e-89c3-d44fece0cd3e	GET	/users	http://localhost:3000
20221222	01:23:58	f9da1323-45ad-4d1c-bef1-98a5aeb8f764	GET	/notes	http://localhost:3000
20221222	01:23:58	1059c48f-9a20-457e-871b-78cf0ab871b2	GET	/users	http://localhost:3000
20221222	01:25:14	71fa0cbf-2521-485d-a66d-017b131715ab	OPTIONS	/users	http://localhost:3000
20221222	01:25:14	6dd10563-247c-4d2b-afce-386b0345ea8b	DELETE	/users	http://localhost:3000
20221222	01:25:14	0c1fc0ae-1d1f-447d-95c3-6aa09d60280d	GET	/users	http://localhost:3000
20221222	11:30:43	e01d7bb4-6b9f-424b-b776-0a03d48b9441	GET	/notes	http://localhost:3000
20221222	11:30:43	bf9fe7d6-5bc6-4aca-a7ce-3e750c7f9e55	GET	/users	http://localhost:3000
20221222	11:30:45	63d33757-a097-4ce4-b228-1104cab57977	GET	/notes	http://localhost:3000
20221222	11:30:47	7930a222-431c-4e24-838d-76dc131fe8df	GET	/notes	http://localhost:3000
20221222	11:30:49	57aa8793-b949-44a2-b62f-6b0863617321	GET	/notes	http://localhost:3000
20221222	11:30:52	39a81758-3ee3-47ff-904e-1e1d9027b0df	GET	/notes	http://localhost:3000
20221222	11:30:53	84c6d42a-368f-4b35-a063-a2b7cb472f2d	GET	/notes	http://localhost:3000
20221222	11:31:02	ff038464-4795-430d-96a6-60f04b5a41ad	GET	/notes	http://localhost:3000
20221222	11:31:02	6b13b60d-1d64-47d6-b412-4b1d5684c24b	GET	/users	http://localhost:3000
20221222	11:31:32	06485681-f725-480e-b878-1854194e5ae2	OPTIONS	/users	http://localhost:3000
20221222	11:31:32	6eea1d3e-3840-4a2a-8790-9ef926dd7c81	POST	/users	http://localhost:3000
20221222	11:31:32	ca488855-d5a2-4012-be9f-05076785b031	GET	/users	http://localhost:3000
20221222	11:31:35	a6d695e2-e016-4c73-bc6a-3d4db85fd753	GET	/users	http://localhost:3000
20221222	11:31:40	72918552-0507-4941-a84f-4c32c9f92d6e	GET	/users	http://localhost:3000
20221222	11:31:40	fdc8b4cf-3bec-4b53-ae1b-e927a22bb691	GET	/notes	http://localhost:3000
20221222	11:31:50	9b4fe3aa-ddd6-4dbd-94f5-a02a4b5daeb6	GET	/notes	http://localhost:3000
20221222	11:31:50	c721a1d4-418a-4a09-964f-ee45b49b74ed	GET	/users	http://localhost:3000
20221222	11:31:51	3084604e-a712-4bb7-b8e3-22f55434391c	GET	/notes	http://localhost:3000
20221222	11:31:51	3e6b28bb-c1e0-42c6-b9a9-656c580987cd	GET	/users	http://localhost:3000
20221222	11:31:58	ca3efc96-47de-4fbb-98b0-1dce37ae2d9b	GET	/users	http://localhost:3000
20221222	11:32:12	3ab6c61f-1c17-43d9-ad76-745e59937655	OPTIONS	/users	http://localhost:3000
20221222	11:32:12	22e8c495-8ed4-494b-a2ab-34841d028518	PATCH	/users	http://localhost:3000
20221222	11:32:14	fcc8a86a-4ab6-4382-b7f2-7c0f681b4e7b	GET	/users	http://localhost:3000
20221222	11:32:20	7ca0b9d0-896e-4e5a-89b4-b4ab934b83ff	GET	/users	http://localhost:3000
20221222	11:32:27	e5fd50b1-85db-4f4f-ab5c-d5d5f4de0b7f	GET	/users	http://localhost:3000
20221222	11:32:34	22bccb5e-c7dc-4801-b919-6d43faa51f3e	GET	/users	http://localhost:3000
20221222	11:32:41	aaac4893-455d-4053-9742-d96dec6bf226	GET	/users	http://localhost:3000
20221222	11:32:48	15ef7551-ec96-4819-89e6-c8888e21d5de	GET	/users	http://localhost:3000
20221222	11:32:55	23fa3409-9537-4a34-b67f-1320c6893509	GET	/users	http://localhost:3000
20221222	11:33:02	41126ea6-818b-46cf-a147-e119e3fbb643	GET	/users	http://localhost:3000
20221222	11:33:09	c99c8a3c-4671-4e6a-a79e-6d86ff27784d	GET	/users	http://localhost:3000
20221222	11:33:16	341c5252-6f1c-4aaa-ae98-c070cfa01a8b	GET	/users	http://localhost:3000
20221222	11:33:23	15b1275c-901f-488b-a240-2f99e5e862d1	GET	/users	http://localhost:3000
20221222	11:33:30	b7617480-a934-4cea-b2e7-b7b5069a8ace	GET	/users	http://localhost:3000
20221222	11:33:37	b56ecce9-71ab-44e2-b7fd-18aa53fbc3d2	GET	/users	http://localhost:3000
20221222	11:33:44	41ad567c-d4d1-45aa-8947-46a70e12ec56	GET	/users	http://localhost:3000
20221222	11:33:51	7bfeb1ac-9d3e-4a78-9323-c6c02e614d3d	GET	/users	http://localhost:3000
20221222	11:33:58	a8a433cb-9ce2-4527-b815-0b181fb45931	GET	/users	http://localhost:3000
20221222	11:34:05	8decd2b4-4eee-4c12-aa10-b68ae7ed1440	GET	/users	http://localhost:3000
20221222	11:34:12	eeead592-61f5-491e-994d-979ba3c00560	GET	/users	http://localhost:3000
20221222	11:34:19	5cd2679f-7904-48a6-8409-a7c0bf588bad	GET	/users	http://localhost:3000
20221222	11:34:26	b587c854-4e4f-447c-9180-eb2db2c2906f	GET	/users	http://localhost:3000
20221222	11:34:33	42c8e276-adeb-43a1-89b6-43c2e9589434	GET	/users	http://localhost:3000
20221222	11:34:40	3cebbc73-8a8b-4e3f-9411-1e17182a2741	GET	/users	http://localhost:3000
20221222	11:34:47	c8e007a4-586c-45e5-9464-1d9ee79e04bf	GET	/users	http://localhost:3000
20221222	11:34:54	8cb6899b-72e9-47bb-b344-2be22ddeaab7	GET	/users	http://localhost:3000
20221222	11:35:01	35f45c9f-7f44-473a-a89e-8bf8c7baef43	GET	/users	http://localhost:3000
20221222	11:35:08	eb0d2e99-4d80-4d3e-80dd-7382d1689f36	GET	/users	http://localhost:3000
20221222	11:35:15	e2b5ec8a-7d04-474d-bc53-7727c44439a6	GET	/users	http://localhost:3000
20221222	11:35:22	a607731b-239a-43cb-8799-faefef6c7900	GET	/users	http://localhost:3000
20221222	11:35:29	bc9c2258-ae92-4dc8-8a57-0da91ffc8f3d	GET	/users	http://localhost:3000
20221222	11:35:36	631dc2c4-ef9b-47d0-a4f3-82ad1bdcbf27	GET	/users	http://localhost:3000
20221222	11:35:43	8beb2bfb-e682-4094-850f-a033853761a8	GET	/users	http://localhost:3000
20221222	11:35:50	ff373177-61a2-435f-a220-ab09380e5bbf	GET	/users	http://localhost:3000
20221222	11:35:57	41b873f2-33d4-40a8-88a4-9abd735e7484	GET	/users	http://localhost:3000
20221222	11:36:04	b4ec28da-98a2-4715-b58e-3e65dc14bba1	GET	/users	http://localhost:3000
20221222	11:36:11	b1febcce-791e-4004-aaff-6aae9ecf4963	GET	/users	http://localhost:3000
20221222	11:36:18	ec2191fc-d9d4-4117-b663-b800196ba93e	GET	/users	http://localhost:3000
20221222	11:36:25	ae24c1d4-b270-484b-8622-bd628e21db78	GET	/users	http://localhost:3000
20221222	11:36:32	ee2d2d3b-dd61-4558-b1fa-d4761e0570d7	GET	/users	http://localhost:3000
20221222	11:36:39	a65a85cc-0a70-488b-b2a5-407e9c1e5096	GET	/users	http://localhost:3000
20221222	11:36:46	22aacbbd-a164-4d01-8c69-75c08c1105d5	GET	/users	http://localhost:3000
20221222	11:36:53	53cf6bb7-07ee-45bd-8591-b3db44b6e8d9	GET	/users	http://localhost:3000
20221222	11:37:00	6467edc1-3f66-493b-b264-e1d11eabede1	GET	/users	http://localhost:3000
20221222	11:37:07	df1063fd-3d2b-4026-a1ee-f0d134af6600	GET	/users	http://localhost:3000
20221222	11:37:14	d5f1db3e-0e1f-4f42-95f0-4da7de5f9cd5	GET	/users	http://localhost:3000
20221222	11:37:21	c5a5de6d-f6b5-4885-843d-0b53995816c5	GET	/users	http://localhost:3000
20221222	11:37:28	9b528a37-37f5-471d-a9b3-475db8405a29	GET	/users	http://localhost:3000
20221222	11:37:35	28a35bbe-7c09-4321-9cae-d48b5c9c020c	GET	/users	http://localhost:3000
20221222	11:37:42	7a709912-1e64-4ff8-a4d4-803b5036b699	GET	/users	http://localhost:3000
20221222	11:37:49	eac355c6-5442-45af-8f2a-810afd1e71c5	GET	/users	http://localhost:3000
20221222	11:37:56	a41b4cf1-956e-46b4-86d8-0567f1a46ee3	GET	/users	http://localhost:3000
20221222	11:38:03	2ebec41a-607c-4926-8962-9cf504f51d05	GET	/users	http://localhost:3000
20221222	11:38:10	d982107e-03ce-4f49-8d99-5e9eee7c3614	GET	/users	http://localhost:3000
20221222	11:38:17	872f87f2-d4b2-4aaa-b3f8-ff384891e55a	GET	/users	http://localhost:3000
20221222	11:38:24	7df64269-3faf-46d6-b23c-9b187b6abeec	GET	/users	http://localhost:3000
20221222	11:38:31	b26cb4a6-3283-473f-a6b1-e82de35bc60c	GET	/users	http://localhost:3000
20221222	11:38:38	23d6a752-c244-4c8e-be91-19fe03e0075f	GET	/users	http://localhost:3000
20221222	11:38:45	cfce6387-0140-4f1e-a5e1-91e1e742086b	GET	/users	http://localhost:3000
20221222	11:38:52	fc693915-6a28-4105-986c-778d576a8149	GET	/users	http://localhost:3000
20221222	11:38:59	9236bb82-30fa-4b74-878f-64bfadf3a2bd	GET	/users	http://localhost:3000
20221222	11:39:06	62bc42bc-41cd-4c8f-b8e3-62a9633ac420	GET	/users	http://localhost:3000
20221222	11:39:13	397e5cf7-01ef-4375-9397-bd849138bf00	GET	/users	http://localhost:3000
20221222	11:39:20	03877f50-dbbc-468c-a007-decef15d810c	GET	/users	http://localhost:3000
20221222	11:39:27	e6c93f22-698b-4603-a6fe-735ef6beaab3	GET	/users	http://localhost:3000
20221222	11:39:34	88cf696c-1b84-4586-a779-03c10fbef0cf	GET	/users	http://localhost:3000
20221222	11:39:41	1a6324eb-f7c3-47fc-95f6-d8f6ecf3263c	GET	/users	http://localhost:3000
20221222	11:39:48	f45c7355-06a5-4419-bc38-3fd92af9bd46	GET	/users	http://localhost:3000
20221222	11:39:55	03487c3b-4f1f-4a32-86f9-6f5016e14402	GET	/users	http://localhost:3000
20221222	11:40:02	d9f4fa39-2aad-4b54-9bc9-72081072c9ca	GET	/users	http://localhost:3000
20221222	11:40:09	a94ed7dc-45f2-4934-a547-8c481eef7f8c	GET	/users	http://localhost:3000
20221222	11:40:16	62484a09-a981-449c-bc57-30524bf44c04	GET	/users	http://localhost:3000
20221222	11:40:23	1499b762-9c79-456e-9a43-f345922bbc25	GET	/users	http://localhost:3000
20221222	11:40:30	720b2f12-81df-4472-8477-acb76f78facb	GET	/users	http://localhost:3000
20221222	11:40:37	c175a3f2-517c-4840-a58b-684ec6d72b4f	GET	/users	http://localhost:3000
20221222	11:40:44	8cb57cc1-3cbb-41cf-9eb1-c5f4e7909899	GET	/users	http://localhost:3000
20221222	11:40:51	c77562c7-5f79-4ba2-afb5-e63db867325e	GET	/users	http://localhost:3000
20221222	11:40:58	062424ea-b767-43fa-bf66-53015867a4a7	GET	/users	http://localhost:3000
20221222	11:41:05	72e74399-2b1f-4510-bc89-ef83d65049a8	GET	/users	http://localhost:3000
20221222	11:41:12	b88d4bf7-6c31-431a-abf0-930c0a2b4209	GET	/users	http://localhost:3000
20221222	11:41:19	1b212c48-11c1-4d3c-b735-86378121c626	GET	/users	http://localhost:3000
20221222	11:41:26	ea2b7268-e3f0-419d-979b-939c39c7c7d5	GET	/users	http://localhost:3000
20221222	11:41:33	9ad28602-9933-4ec4-874b-4abd03c58fc3	GET	/users	http://localhost:3000
20221222	11:41:40	f42bbf53-e732-4a34-bb4c-36b5973ae911	GET	/users	http://localhost:3000
20221222	11:41:47	bbdc0497-7afb-482c-88d6-97ac2206bc4d	GET	/users	http://localhost:3000
20221222	11:41:54	0aa9b03e-26ba-4baf-8961-e6e828900778	GET	/users	http://localhost:3000
20221222	11:42:01	caee0359-72ef-42eb-80cd-fdc2250519c0	GET	/users	http://localhost:3000
20221222	11:42:08	b7c3c4ef-bedc-4c43-a847-9c696a9eb65b	GET	/users	http://localhost:3000
20221222	11:42:15	bc958f72-858f-458a-ae38-5d6f652b433c	GET	/users	http://localhost:3000
20221222	11:42:22	cb409c48-2a1f-433e-9d42-d2bdecddcddd	GET	/users	http://localhost:3000
20221222	11:42:29	89bc2697-fde6-4680-a33a-5c09e0272e2e	GET	/users	http://localhost:3000
20221222	11:42:36	257e83c0-d603-4dac-a753-0b0d189232b8	GET	/users	http://localhost:3000
20221222	11:42:43	2e9cd823-d5a6-421f-af4e-d4e7470cfb91	GET	/users	http://localhost:3000
20221222	11:42:50	89358cf6-75bd-4746-bb73-d0d66355b69e	GET	/users	http://localhost:3000
20221222	11:42:57	1ca1761d-e5a6-4f18-aee4-4627d145c504	GET	/users	http://localhost:3000
20221222	11:43:04	8bff0a83-3979-4f50-9084-6eabde728586	GET	/users	http://localhost:3000
20221222	11:43:11	46b12370-06dc-489c-9480-f1cee44beb65	GET	/users	http://localhost:3000
20221222	11:43:18	4e62e905-5745-4fcf-8670-e4c535d69e69	GET	/users	http://localhost:3000
20221222	11:43:25	14798a4f-a9e7-4cb5-a540-e7b4e7cd812b	GET	/users	http://localhost:3000
20221222	11:43:32	664b0727-4df4-49d8-8426-4aa76aecaaad	GET	/users	http://localhost:3000
20221222	11:43:39	0c14d2cb-5475-4325-9dcd-15ce2dd672f3	GET	/users	http://localhost:3000
20221222	11:43:46	fb663a40-4589-486c-8cd9-fb23f9e42516	GET	/users	http://localhost:3000
20221222	11:43:53	bf1b930a-efc5-40b9-8273-c1460d641dd7	GET	/users	http://localhost:3000
20221222	11:44:00	e8fac560-fa85-476d-90b9-c97543dce95d	GET	/users	http://localhost:3000
20221222	11:44:07	2415941e-c5a8-4086-bc9d-b5e4402f7e25	GET	/users	http://localhost:3000
20221222	11:44:14	c36a0d09-8653-402b-9669-e1d24badafd2	GET	/users	http://localhost:3000
20221222	11:44:21	2577d7ee-b3bf-4d8e-9186-7eec51cebf3e	GET	/users	http://localhost:3000
20221222	11:54:46	b09eb68f-6e21-4e81-b167-06f8ead3da64	GET	/users	http://localhost:3000
20221222	11:54:54	df02306d-f1cc-4521-850d-1f5536b733a6	GET	/users	http://localhost:3000
20221222	11:55:01	65398522-1bfc-46db-93fa-816e888253b1	GET	/users	http://localhost:3000
20221222	11:55:08	cbfdc62d-081e-4928-862a-cb2310b939bc	GET	/users	http://localhost:3000
20221222	11:55:09	2fbccfa5-36ec-4410-b963-94a09ab34229	GET	/users	http://localhost:3000
20221222	11:55:15	ac55cc10-6c89-40d6-b9ef-5ba20763e85e	GET	/users	http://localhost:3000
20221222	11:55:22	2f6ff1e3-9bdf-4d8d-8f5e-7d2ce92d7fac	GET	/users	http://localhost:3000
20221222	11:55:29	e0193db6-927c-4634-8635-48a85c79dc8b	GET	/users	http://localhost:3000
20221222	11:55:36	352943c1-96db-4437-be55-0d0edc123622	GET	/users	http://localhost:3000
20221222	11:55:43	8d8aa4be-429f-4c73-ad3a-dc4fa588267b	GET	/users	http://localhost:3000
20221222	11:55:50	75c2603f-632b-4b59-abe6-531e4b61c8ee	GET	/users	http://localhost:3000
20221222	11:55:57	bce9c70f-8ec4-4b58-8247-37a7f4aa2ed5	GET	/users	http://localhost:3000
20221222	11:56:04	a3e5778f-8d5f-4ad8-8cc5-fbfbdad2da7f	GET	/users	http://localhost:3000
20221222	11:56:11	189bbeb1-4ca9-48c0-817a-22c62eb30798	GET	/users	http://localhost:3000
20221222	11:56:18	2897fb4f-90b7-4573-915e-7cd91b20aa07	GET	/users	http://localhost:3000
20221222	11:56:25	47409991-3706-400e-a3b4-a6834b578cfb	GET	/users	http://localhost:3000
20221222	11:56:32	846e3ab6-0f8b-4145-856c-7ead323faa47	GET	/users	http://localhost:3000
20221222	11:56:39	32642380-988f-46bf-9e55-d19242d722ca	GET	/users	http://localhost:3000
20221222	11:56:46	a585f017-559f-4ff4-96c7-4243da31697b	GET	/users	http://localhost:3000
20221222	11:56:53	881a3824-0ce7-4635-b784-d90286e0f668	GET	/users	http://localhost:3000
20221222	11:57:00	d477132b-36c6-430c-a283-8e3ec9929b5d	GET	/users	http://localhost:3000
20221222	11:57:07	c58e55b6-d8e0-431a-9f4a-95866b3b5e25	GET	/users	http://localhost:3000
20221222	11:57:14	2092165c-3553-40d9-a0c5-52b30e3ce035	GET	/users	http://localhost:3000
20221222	11:57:21	972c9f91-219f-48a5-8ff5-097879328167	GET	/users	http://localhost:3000
20221222	11:57:28	75349748-1c9d-4dac-8b29-0a15c71bdc5d	GET	/users	http://localhost:3000
20221222	11:57:35	5bc77afb-8f74-4082-9296-02c1d39ae296	GET	/users	http://localhost:3000
20221222	11:57:42	f398d5fb-0970-4895-a8f8-69d0a6a1315e	GET	/users	http://localhost:3000
20221222	11:57:49	21d79a09-75be-4329-8b4a-204ca2cc5d43	GET	/users	http://localhost:3000
20221222	11:57:56	91abb18a-3149-4435-a877-7e3a873e9435	GET	/users	http://localhost:3000
20221222	11:58:03	71e10dfb-cd23-4009-bd76-7ff2b12978c2	GET	/users	http://localhost:3000
20221222	11:58:10	37120356-6be5-4bdc-a22b-4510defd8636	GET	/users	http://localhost:3000
20221222	11:58:17	2801bd1c-49e3-42ae-a86b-6ff42e987832	GET	/users	http://localhost:3000
20221222	11:58:24	e3a2a7cc-1b1f-4c9b-98ae-0d602a1fd642	GET	/users	http://localhost:3000
20221222	11:58:31	0f275748-15f2-4ace-98ed-c72726ed6799	GET	/users	http://localhost:3000
20221222	11:58:38	9b75b6b2-d8fc-4faf-8665-1b15527fee1e	GET	/users	http://localhost:3000
20221222	11:58:45	79eae7c9-6b31-4e8f-8df8-6c8a31d64331	GET	/users	http://localhost:3000
20221222	11:58:52	c22733fa-2838-40bf-b0b1-38f888ba52d9	GET	/users	http://localhost:3000
20221222	11:58:59	84624cf9-a5b6-4f63-99b1-911370b4a014	GET	/users	http://localhost:3000
20221222	11:59:06	d40325c7-781c-4ed6-88cf-ae7b57dba1ce	GET	/users	http://localhost:3000
20221222	11:59:13	7aea7cbc-ea8e-4169-b926-4a59617b3cc3	GET	/users	http://localhost:3000
20221222	11:59:20	2d702599-d554-4319-ad17-7c2ebd75c407	GET	/users	http://localhost:3000
20221222	11:59:27	7ace93db-8489-40cf-9e66-1c471f191380	GET	/users	http://localhost:3000
20221222	11:59:34	8f48b3ff-c4f1-456e-9ab6-ec209491ef41	GET	/users	http://localhost:3000
20221222	11:59:41	0ffcd052-1520-44dd-af3f-dc0c3fd371c5	GET	/users	http://localhost:3000
20221222	11:59:48	5b2b40ef-184e-4a5b-961a-b429135cf65f	GET	/users	http://localhost:3000
20221222	11:59:55	4b69394c-22ab-4877-a146-043324b9b276	GET	/users	http://localhost:3000
20221222	12:00:02	86a459b8-9428-4b4b-8d29-7edf7845a1ed	GET	/users	http://localhost:3000
20221222	12:00:09	1914cbff-e7fb-4143-b4ca-398d638c356b	GET	/users	http://localhost:3000
20221222	12:00:16	303f2484-1855-44d5-aaf8-d5cd4d32ae73	GET	/users	http://localhost:3000
20221222	12:00:23	51263840-c714-413a-a424-2ff677caa501	GET	/users	http://localhost:3000
20221222	12:00:30	a0574e93-27ed-4c38-a867-ce743a372f2d	GET	/users	http://localhost:3000
20221222	12:00:37	e4467107-5439-48f1-abdf-a85953571eab	GET	/users	http://localhost:3000
20221222	12:00:44	085def87-bedc-4650-b437-4e894512d91b	GET	/users	http://localhost:3000
20221222	12:00:51	716f51c7-88e8-4377-b2c0-083ba8a096fd	GET	/users	http://localhost:3000
20221222	12:00:58	2f7b28d1-fb42-4e69-92a5-f476f61152db	GET	/users	http://localhost:3000
20221222	12:01:05	01983efc-587a-4f16-bd88-c3068e9a5d12	GET	/users	http://localhost:3000
20221222	12:01:12	7e93b50b-6717-4963-a6d6-cdd753f760df	GET	/users	http://localhost:3000
20221222	12:01:19	7cfff488-84a9-49da-ac2d-d2977103b65b	GET	/users	http://localhost:3000
20221222	12:01:26	06232cfa-9c9d-4f1f-889d-394820b37513	GET	/users	http://localhost:3000
20221222	12:01:33	c03a5bed-fcdb-40a9-bd4a-cd2c52549a45	GET	/users	http://localhost:3000
20221222	12:01:40	5043b08a-ee4b-4913-ba90-00f47cc263ef	GET	/users	http://localhost:3000
20221222	12:01:47	fc4178d6-4387-411c-8dda-cb1a22a5e4b1	GET	/users	http://localhost:3000
20221222	12:01:54	34c9d96d-a0e4-450c-afb0-af867eb6c894	GET	/users	http://localhost:3000
20221222	12:02:01	2c05519f-7c5d-4eb0-bdc1-774da0e54737	GET	/users	http://localhost:3000
20221222	12:02:08	41ef0e85-daa8-4984-b792-559c9338126a	GET	/users	http://localhost:3000
20221222	12:02:15	b078650b-d293-4dea-ba63-8030424af4cd	GET	/users	http://localhost:3000
20221222	12:02:22	1833ce2b-c5b8-4a3c-ab66-5f85a672d55a	GET	/users	http://localhost:3000
20221222	12:02:29	b1b6ab8c-71d9-4a0b-a0cd-30ea2734f831	GET	/users	http://localhost:3000
20221222	12:02:36	e4e9b1a5-9165-420c-89bb-b99ba1cfe708	GET	/users	http://localhost:3000
20221222	12:02:43	c80cc409-893f-4401-b055-4fc43854c203	GET	/users	http://localhost:3000
20221222	12:02:50	4c8d2a68-f071-4e3e-9b36-02b873a2eb44	GET	/users	http://localhost:3000
20221222	12:02:57	4a665414-3414-4f94-8907-73531e528757	GET	/users	http://localhost:3000
20221222	12:03:04	b7289874-5b72-4373-8e9b-83dff27f0b88	GET	/users	http://localhost:3000
20221222	12:03:11	b0aeb04e-5eaa-4019-be0b-3ca91337ab7d	GET	/users	http://localhost:3000
20221222	12:03:18	290da458-72fd-4b9f-89e3-39b8cbf590b0	GET	/users	http://localhost:3000
20221222	12:03:25	08b2ec75-ecb5-4fb6-add3-af04a821bb31	GET	/users	http://localhost:3000
20221222	12:03:32	55ccb3c0-41a7-45a2-96a3-7ecd7e7e8e18	GET	/users	http://localhost:3000
20221222	12:03:39	ae66224f-4552-4d60-b786-a20ae9d0c2b8	GET	/users	http://localhost:3000
20221222	12:03:46	301fd126-b472-41b5-8d74-2251e060206e	GET	/users	http://localhost:3000
20221222	12:03:53	188470d6-89ac-453b-8c4b-dabfb182bcf1	GET	/users	http://localhost:3000
20221222	12:04:00	a7c74871-6295-444c-964a-66587ae7b42a	GET	/users	http://localhost:3000
20221222	12:04:07	30375e94-cc94-4e67-9103-f3d1eaa3f18b	GET	/users	http://localhost:3000
20221222	12:04:14	2c1da7e6-582d-4047-ac30-e856487d7839	GET	/users	http://localhost:3000
20221222	12:04:21	287233d2-b107-436f-8c0d-9035352f3d48	GET	/users	http://localhost:3000
20221222	12:04:28	7ae81aee-6be3-4ab6-8aca-a974654f9f86	GET	/users	http://localhost:3000
20221222	12:04:35	4c56342b-d061-46c3-9b10-82dc22ebb404	GET	/users	http://localhost:3000
20221222	12:04:42	5aeec97f-60d0-4527-b368-d29b07ea268a	GET	/users	http://localhost:3000
20221222	12:04:49	c724eea3-545c-4e23-834e-dc3a2d2606e8	GET	/users	http://localhost:3000
20221222	12:04:56	93ea0710-aaac-4e52-970a-d902f85c4c71	GET	/users	http://localhost:3000
20221222	12:05:03	ec217c66-f93e-4dc8-a1ee-1e638688d138	GET	/users	http://localhost:3000
20221222	12:05:10	8bc92cdb-653e-4da9-b0db-e0a6a9e1a723	GET	/users	http://localhost:3000
20221222	12:05:17	f9c82f3f-33e0-4e47-a43a-cc2a0c04eb06	GET	/users	http://localhost:3000
20221222	12:05:24	6ca706bb-8610-4cf7-b72a-8bcd9f5fd7a7	GET	/users	http://localhost:3000
20221222	12:05:31	2349814a-0670-4559-9bc6-4854ac17d912	GET	/users	http://localhost:3000
20221222	12:05:38	2fd0f6ed-d011-412c-b5c0-7b4bca9603b0	GET	/users	http://localhost:3000
20221222	12:05:45	fac8e807-4a00-43f6-a6a9-482c055f803e	GET	/users	http://localhost:3000
20221222	12:05:52	8ebc42cc-dcc5-4ee7-aeaf-ca6f0b96171e	GET	/users	http://localhost:3000
20221222	12:05:57	6de9eebd-0c6e-4fb4-9971-c481cc2d74de	GET	/users	http://localhost:3000
20221222	12:06:14	6e9913ec-e52d-4515-bb58-9cf9a5990db2	GET	/notes	http://localhost:3000
20221222	12:06:16	6fefc53a-bdc4-4875-91e4-a18e6a0ca3b8	GET	/notes	http://localhost:3000
20221222	12:06:27	7725f5b0-bd5c-4ab4-8f69-e9ea12b738b1	OPTIONS	/notes	http://localhost:3000
20221222	12:06:27	7b16bae6-9d44-4a0a-8c2b-8944b84701af	PATCH	/notes	http://localhost:3000
20221222	12:06:27	4acca2a9-1db4-471b-8de9-0b4dd6a15c88	GET	/notes	http://localhost:3000
20221222	12:06:29	9ee20a21-c9a3-45ef-9c13-4d703b2e2ab2	GET	/notes	http://localhost:3000
20221222	12:06:30	fb8c7556-135d-40e7-ab1e-3e38fc5de51d	GET	/notes	http://localhost:3000
20221222	12:06:32	f3dbbb16-dc69-4844-8c6a-e55d1a63cb26	GET	/notes	http://localhost:3000
20221222	12:06:34	7bb5e230-454a-4310-b46f-39ef6752c838	GET	/notes	http://localhost:3000
20221222	12:43:59	0ce1828b-76a2-42da-b141-e1380a3ec7eb	OPTIONS	/notes	http://localhost:3000
20221222	12:43:59	d564736d-86c9-4008-a1d2-4fda54418ef5	POST	/notes	http://localhost:3000
20221222	12:43:59	8c6ff045-fcda-4a29-9b58-1ce29e659617	GET	/notes	http://localhost:3000
20221222	12:44:01	50f5083a-3a46-4a09-b275-9019ce4262d8	GET	/notes	http://localhost:3000
20221222	12:44:03	6e875e3e-5556-4090-8aef-d238a5174c14	GET	/notes	http://localhost:3000
20221222	12:44:04	99df5ac8-9de1-439b-91ed-a17b5186e259	GET	/notes	http://localhost:3000
20221222	12:44:06	56deba24-c762-4d54-8586-0d515c2faf13	GET	/notes	http://localhost:3000
20221222	12:44:08	96d1cd8d-5cb9-41d5-b285-9152250ca092	GET	/notes	http://localhost:3000
20221222	12:44:09	955c6146-f63e-4f91-ad80-36386d0910e1	GET	/notes	http://localhost:3000
20221222	12:44:20	126ff6b2-0e43-4dc9-a501-9250ec03c881	OPTIONS	/notes	http://localhost:3000
20221222	12:44:20	89de61b1-2860-4c33-95a3-c54cd9b81d37	PATCH	/notes	http://localhost:3000
20221222	12:44:20	d798c63c-835e-41af-a31c-9b945c11e4b2	GET	/notes	http://localhost:3000
20221222	12:44:22	b4b0bd54-3c43-464e-860d-931c7f622ffa	GET	/notes	http://localhost:3000
20221222	12:44:24	50ff1a81-18d3-43c3-89fa-162cbf6cfb54	GET	/notes	http://localhost:3000
20221222	12:44:26	0effa58d-039b-4207-bba5-cedc69832751	GET	/notes	http://localhost:3000
20221222	12:44:28	948aa207-8d5b-4755-bdb6-322b990a8ad9	GET	/notes	http://localhost:3000
20221222	12:44:30	6f724a6c-7295-4f32-bf40-0dc0a0ab127a	GET	/notes	http://localhost:3000
20221222	12:44:32	d8114162-7676-4129-9e26-5da14f6d9838	GET	/notes	http://localhost:3000
20221222	12:44:34	5a7d94c7-dfac-4b19-85c9-2593342336f0	GET	/notes	http://localhost:3000
20221222	12:44:35	29aabdae-31d8-4629-967d-ca1e01bde642	GET	/notes	http://localhost:3000
20221222	12:44:37	bb8c56d9-f76c-4121-9f98-10c578615dd4	GET	/notes	http://localhost:3000
20221222	12:44:42	b172812f-6a7c-4802-8c3b-a86987056dd2	OPTIONS	/notes	http://localhost:3000
20221222	12:44:42	66cb01a4-97e4-402c-8d44-3b9bbc41516d	PATCH	/notes	http://localhost:3000
20221222	12:44:42	31a6344f-adec-4d9e-be9f-ee99e74c7f88	GET	/notes	http://localhost:3000
20221222	12:44:43	f90b7dce-ff95-4bd7-a3ea-7ce03639c8ef	GET	/notes	http://localhost:3000
20221222	12:44:50	9800d680-ed53-4226-a4aa-78a978cffd94	OPTIONS	/notes	http://localhost:3000
20221222	12:44:50	a4359de6-b7fb-49aa-ada3-dc1a3de2fef5	PATCH	/notes	http://localhost:3000
20221222	12:44:50	a2aadd6c-c5b0-4b42-969d-9b5ccca0ce8f	GET	/notes	http://localhost:3000
20221222	12:44:52	3df14c43-c296-44ba-8cce-249afd60b4f1	GET	/notes	http://localhost:3000
20221222	12:44:53	ae7ef9f1-1b6d-4b03-b764-4e6c4cda5833	GET	/notes	http://localhost:3000
20221222	12:44:55	6c918f2f-7b31-410b-81d8-4624010241b0	GET	/notes	http://localhost:3000
20221222	12:44:57	cc6b58f3-5080-4756-bb89-cf8b8ef448d9	GET	/notes	http://localhost:3000
20221222	12:44:59	19906d03-5fd7-42b9-95d4-6269bcfe2186	GET	/notes	http://localhost:3000
20221222	12:45:01	11198d73-bf99-4bb0-805b-e4f4ed95491a	GET	/notes	http://localhost:3000
20221222	12:45:03	8167e50f-8168-4ba2-a2aa-5b010cc2022d	GET	/notes	http://localhost:3000
20221222	12:45:05	b4f57ffd-4e79-43b1-9d7b-8d7150871834	GET	/notes	http://localhost:3000
20221222	16:14:46	b81ff385-854e-4614-b7c2-dd3a4264378a	POST	/auth	undefined
20221222	16:15:23	e541820b-1ead-416c-aad8-93bf8dbf0e7f	POST	/auth	undefined
20221222	16:16:53	707550b0-da64-4ebe-ac6f-9d29dc17fe81	POST	/auth	undefined
20221222	16:19:13	b66389ff-071f-44da-8e9e-44e86fb332fa	POST	/users	undefined
20221222	16:19:50	9a7c1a22-0bcb-4eb7-ab3b-d8f9d38ae6ec	GET	/users	undefined
20221222	16:20:44	393b5c2a-b251-4653-a65c-cf7db332fd88	POST	/auth	undefined
20221222	16:21:09	c8a48aaf-386b-4b9d-b4cc-87e9d1fc33ad	GET	/users	undefined
20221222	16:21:12	fbbc5343-537f-4e65-bbca-e923252977e1	GET	/users	undefined
20221222	16:21:13	8e19e140-d7b3-4d83-98e2-f20ccaea2990	GET	/users	undefined
20221222	16:21:14	4034160d-1bfa-40f9-849b-1a650675866c	GET	/users	undefined
20221222	16:21:19	70ec747c-56e2-47a3-a2bc-2880e79d8ef7	GET	/users	undefined
20221222	16:21:32	ba6e36bd-ae28-4a7f-8d0b-58af75b6ac3c	GET	/users	undefined
20221222	16:21:53	1f700bfa-0bf8-4153-8013-80ae47563fcd	GET	/users	undefined
20221222	16:21:56	196d6239-95b9-4314-bbb0-75cae5a8ccb5	GET	/users	undefined
20221222	16:22:03	ce8b81ef-a9b2-4e10-9d43-0a22160150f0	GET	/users	undefined
20221222	16:22:08	893dd18a-db8e-4826-94f6-32c3be06419d	GET	/users	undefined
20221222	16:23:10	3e6edf36-8cca-45e5-a7a0-db6463eb33b8	POST	/users	undefined
20221222	16:23:35	65013d61-b661-45f8-a621-be25575c8b0d	POST	/users	undefined
20221222	16:23:42	59638d31-473d-4ba7-8e04-ffae9b408901	POST	/users	undefined
20221222	16:23:52	2b463615-3505-4d19-b2da-41aa5ee97e34	GET	/users	undefined
20221222	16:24:24	32e6ef65-7aba-4215-b3fe-dd361ebc7e20	GET	/users	undefined
20221222	16:24:26	43a02ed4-2bce-4cac-bc2c-98e2c6fcefc0	GET	/users	undefined
20221222	16:24:27	fe2e062e-390e-40d9-ad05-bebcf26cde3b	GET	/users	undefined
20221222	16:24:30	f96d72ff-44e7-47a8-b112-800ec00e2cf2	GET	/users	undefined
20221222	16:24:32	3ea85aa6-76a9-4f87-8f80-b0c94ef95f88	GET	/users	undefined
20221222	16:24:34	70f92c25-8ddd-4437-a4f6-a314f373dbfc	GET	/users	undefined
20221222	16:24:35	bc60a71a-f9d2-474d-84ae-e1c5533e45a7	GET	/users	undefined
20221222	16:24:47	f045aa76-5aa0-48ad-82b1-9e63f51aebb7	GET	/users	undefined
20221222	16:24:50	4fd2adf1-78fd-430c-96de-91525464dd9d	GET	/users	undefined
20221222	16:25:12	3c126d54-8600-4158-b1c0-ccdd501bcfce	POST	/auth	undefined
20221222	16:25:35	c4fc5cc9-03ef-4269-9fb1-f47df1a15dca	GET	/users	undefined
20221222	16:25:54	65d6c9fe-7098-443d-a15d-7485017cd941	POST	/auth	undefined
20221222	16:26:12	f593af17-5705-43b0-9b4a-f274e9424342	GET	/users	undefined
20221222	20:06:30	9e180f8e-34c9-4b6a-943f-c447e570ce42	OPTIONS	/auth	http://localhost:3000
20221222	20:06:30	7c41530a-d18c-4de8-94d3-4f02c6021d14	POST	/auth	http://localhost:3000
20221222	20:06:31	d24adfa4-0e72-4dcd-a154-de6fdfc0cde1	GET	/users	http://localhost:3000
20221222	20:06:31	5995c64f-094c-4c38-8920-7166ce1c1673	GET	/notes	http://localhost:3000
20221222	20:06:38	69674164-7eca-47d1-890b-90fb313ad351	POST	/auth/logout	http://localhost:3000
20221222	20:06:54	09f7e934-ed74-43bd-8826-ad063edd60cd	OPTIONS	/auth	http://localhost:3000
20221222	20:06:54	1dc68b35-4e57-459f-971a-35745f3d3ed1	POST	/auth	http://localhost:3000
20221222	20:06:54	6a62fbc0-5a42-4f6a-8fe2-433f8befa728	GET	/notes	http://localhost:3000
20221222	20:06:54	4e53fc2e-988a-421c-ba38-96c1589b04ef	GET	/users	http://localhost:3000
20221222	20:06:57	d7a865c6-6d8e-4f99-854d-7cf9644988fb	GET	/notes	http://localhost:3000
20221222	20:06:57	e21fd657-8fa6-4fea-97c4-68d11f503e2f	GET	/users	http://localhost:3000
20221222	20:07:14	60d46110-0498-4c42-81c4-9bdee4d24fae	GET	/notes	http://localhost:3000
20221222	20:07:14	6eef68c4-bcfe-44e4-979f-2ec748b58219	GET	/users	http://localhost:3000
20221222	20:15:09	4527dab7-2e1c-475b-8fe7-8cd29d8651d2	GET	/notes	http://localhost:3000
20221222	20:15:11	1875189b-b7a0-4718-a206-b5b924b1044b	GET	/notes	http://localhost:3000
20221222	20:15:18	c5326bd4-ae30-47ba-a31d-f897dc89d268	GET	/users	http://localhost:3000
20221223	15:53:53	c002c708-10ee-44ac-b79f-f1e69f77de0c	OPTIONS	/auth	http://localhost:3000
20221223	15:53:53	ae4fab60-0cd9-4e2f-a302-7d7cfa45d319	POST	/auth	http://localhost:3000
20221223	15:53:54	b96f09ef-b658-45bd-92e8-a8ed7827db56	OPTIONS	/notes	http://localhost:3000
20221223	15:53:54	7bcd3e96-3b22-4830-b1f0-4fc03eac8051	OPTIONS	/users	http://localhost:3000
20221223	15:53:54	e100b9e0-d0cf-462a-a7b9-c18e8c1d2e14	GET	/notes	http://localhost:3000
20221223	15:53:54	cec58662-1a2d-42af-b51f-a4584a7cfb58	GET	/users	http://localhost:3000
20221223	15:54:02	92767cc8-39dc-4133-9575-ffa3f0146f36	OPTIONS	/notes	http://localhost:3000
20221223	15:54:02	91950fbe-fcb3-41b3-aa96-1235e1331339	GET	/notes	http://localhost:3000
20221223	15:54:04	4397acb2-cade-4852-b371-9673aca38958	GET	/notes	http://localhost:3000
20221223	15:54:11	c0f84e5d-021e-45d1-9dc1-8e06653e7ffb	OPTIONS	/users	http://localhost:3000
20221223	15:54:11	411e246a-6046-48a1-808a-066ca518cc60	GET	/users	http://localhost:3000
20221223	15:54:17	8ffcada8-6688-4303-be11-773da613cb89	OPTIONS	/users	http://localhost:3000
20221223	15:54:17	7d754c10-cb38-4784-b250-9fdceba6b002	GET	/users	http://localhost:3000
20221223	15:54:18	6d0b1356-f6f7-4eb8-8539-547e73a8d7f6	OPTIONS	/users	http://localhost:3000
20221223	15:54:18	06659e0a-0b1a-4bdd-b13f-89a869899638	DELETE	/users	http://localhost:3000
20221223	15:54:18	d2ba8929-baf6-4b56-8a1b-79e972f2e36c	GET	/users	http://localhost:3000
20221223	15:54:23	fc36ed2e-d5ac-4159-ab88-59b46202b84b	GET	/users	http://localhost:3000
20221223	15:54:27	27e714c6-330b-4ea9-93a1-c4b193574cc8	OPTIONS	/notes	http://localhost:3000
20221223	15:54:27	f6c7ec3d-6850-4f7b-b296-089de6ad4f25	GET	/notes	http://localhost:3000
20221223	15:54:28	b369ab59-3428-4b2b-9e68-38bc70fdb7ce	GET	/notes	http://localhost:3000
20221223	15:54:30	0327fb2b-6454-4228-b852-13217cd7de73	GET	/notes	http://localhost:3000
20221223	15:54:35	77103cd9-8333-41cc-80dc-8e2f7c5bb221	OPTIONS	/notes	http://localhost:3000
20221223	15:54:35	1be4dd7a-45e3-4102-9b03-269ea5e446a0	GET	/notes	http://localhost:3000
20221223	15:54:36	576a218d-0411-4525-af05-f3404e399a67	GET	/notes	http://localhost:3000
20221223	15:54:42	64528a49-7426-4f06-86b9-73ee3688b758	OPTIONS	/notes	http://localhost:3000
20221223	15:54:42	082dd40d-07c7-41bf-9107-a138dfc19d63	DELETE	/notes	http://localhost:3000
20221223	15:54:42	8b2af8e8-7731-48d2-be5b-1f898401c522	GET	/notes	http://localhost:3000
20221223	15:54:43	6e97cbba-9b81-455f-a690-850a77a5723d	GET	/notes	http://localhost:3000
20221223	15:54:47	0c813505-7522-455f-bb42-671d9dd68125	GET	/notes	http://localhost:3000
20221223	15:54:48	5db4abf6-f877-4569-956c-9e643a9da26d	OPTIONS	/notes	http://localhost:3000
20221223	15:54:48	78a61e15-0ebf-42e9-a02a-0490937581ae	GET	/notes	http://localhost:3000
20221223	15:54:50	493116cb-2374-4f90-9b9f-709ad7dc667a	GET	/notes	http://localhost:3000
20221223	15:54:52	fa586484-3700-472c-8faa-c54a57300bac	OPTIONS	/users	http://localhost:3000
20221223	15:54:52	179757bd-b6c1-4315-8eb0-cd487cc67fb6	GET	/users	http://localhost:3000
20221223	15:54:57	b150cd73-ccf1-4d02-a0d9-1125df4a69a5	OPTIONS	/users	http://localhost:3000
20221223	15:54:57	61541ede-bd4b-4985-85bd-fbd68465a51a	DELETE	/users	http://localhost:3000
20221223	15:54:57	50727387-a9d8-42df-81be-7f53ac884856	GET	/users	http://localhost:3000
20221223	16:21:34	e5c05189-d3ce-4947-8ee3-a79651998723	GET	/notes	http://localhost:3000
20221223	16:21:34	d65f772e-d9c4-457b-aa05-7c21f24755b1	GET	/users	http://localhost:3000
20221223	16:24:43	accd3fa6-27e8-427b-97d9-8c32e4da47c7	GET	/notes	http://localhost:3000
20221223	16:24:43	63580f00-f484-43ce-b27b-8de1133e787d	GET	/users	http://localhost:3000
20221223	16:24:47	517dbd14-dcef-485b-9ed6-ed7f678c0f6c	POST	/auth/logout	http://localhost:3000
20221223	16:24:56	aeb36de1-0a3c-4df9-bd71-8e8cc6551f0d	GET	/notes	http://localhost:3000
20221223	16:24:56	4c51d2e0-335c-4b1e-9448-347df61384b3	GET	/users	http://localhost:3000
20221223	16:24:58	7f3e5328-a638-4e29-8fb8-e972a0d2ca92	GET	/notes	http://localhost:3000
20221223	16:25:00	f4fa4c25-2e80-4ae3-aac0-a014fb4e1230	GET	/notes	http://localhost:3000
20221223	16:25:06	4c65f1b3-fab5-4fbd-a912-53200b77b8bc	GET	/users	http://localhost:3000
20221223	16:25:15	84a84e34-c82a-4bc5-ba12-dec1f9b2fd1a	POST	/auth/logout	http://localhost:3000
20221223	16:25:38	859fff35-ac81-44f6-8104-d050633aad37	OPTIONS	/auth	http://localhost:3000
20221223	16:25:38	0ecae336-6e46-4fff-a5ef-653ee84d231a	POST	/auth	http://localhost:3000
20221223	16:25:38	8b368d27-813b-4d71-9f13-dc7233e3ed93	OPTIONS	/notes	http://localhost:3000
20221223	16:25:38	7234dff9-ac36-4cc2-8a99-bf31bf262adb	OPTIONS	/users	http://localhost:3000
20221223	16:25:38	ba52f973-4728-4a26-8540-6a3a39bc1ead	GET	/notes	http://localhost:3000
20221223	16:25:38	e858ee37-fcb7-40bc-943d-ad03beada6a3	GET	/users	http://localhost:3000
20221223	16:26:50	5038afd0-1cb5-4f9d-8c43-67e581f2a0ca	GET	/notes	http://localhost:3000
20221223	16:26:51	835f80a4-c7c0-41a4-8a56-dee754d3b99b	GET	/users	http://localhost:3000
20221223	16:27:06	bda703f2-8321-40e2-a9b2-a4b25dd7429e	GET	/notes	http://localhost:3000
20221223	16:27:08	12d1e533-6802-46ab-8a17-d8a1f4279662	GET	/notes	http://localhost:3000
20221223	16:27:09	d07e43a6-ef4d-40a9-9336-a5ddd17f9c12	POST	/auth/logout	http://localhost:3000
20221223	16:27:26	6534e732-7781-431c-a71f-03474922b518	OPTIONS	/auth	http://localhost:3000
20221223	16:27:26	19c0bafa-b7fe-4799-952b-548edffa1194	POST	/auth	http://localhost:3000
20221223	16:27:26	0745fe15-a64e-47b0-974a-150d2d45d246	OPTIONS	/notes	http://localhost:3000
20221223	16:27:26	a6ba068a-1f33-4aa7-913c-a9014610f569	OPTIONS	/users	http://localhost:3000
20221223	16:27:26	fe786eda-4860-45b0-b10a-099f94ce6789	GET	/notes	http://localhost:3000
20221223	16:27:26	34e2beba-c9a7-4ad2-a07e-81833bf1be37	GET	/users	http://localhost:3000
20221223	16:27:29	9252e308-b261-4727-8103-b3ace19829ef	GET	/notes	http://localhost:3000
20221223	16:27:31	f7840383-a62d-49ee-8125-86832346a6a1	OPTIONS	/notes	http://localhost:3000
20221223	16:27:31	ae6cf6ad-5e0c-4015-b091-9489d60db9a0	GET	/notes	http://localhost:3000
20221223	16:27:33	648c02f0-7995-4ec3-af3b-5e6c47c3c0b4	GET	/notes	http://localhost:3000
20221223	16:27:34	9bd879bd-0a09-467d-bfc3-7714036b71da	GET	/notes	http://localhost:3000
20221223	16:27:36	da96c6a9-1c4d-4598-838a-6e25ee94f9f2	GET	/notes	http://localhost:3000
20221223	16:27:37	8c1ee779-1db0-474e-9847-302a30c5bbf4	OPTIONS	/notes	http://localhost:3000
20221223	16:27:37	042ef706-ce82-4f2d-98ae-59bb56a70a59	GET	/notes	http://localhost:3000
20221223	16:27:39	f0110b0f-e949-48e5-8013-2f0dae8e9e41	GET	/notes	http://localhost:3000
20221223	16:27:41	e49a3859-e56b-446c-941d-59db8240ded3	GET	/notes	http://localhost:3000
20221223	16:27:42	d761e223-032d-4d3a-bfba-fe690a4c9e6d	GET	/notes	http://localhost:3000
20221223	16:27:44	2fb5cc31-4f16-4360-bc30-14dc02710233	OPTIONS	/notes	http://localhost:3000
20221223	16:27:44	33e9e57d-93a0-44ab-9942-e9860485d19f	GET	/notes	http://localhost:3000
20221223	16:27:45	0dd34abf-bb99-4e02-9def-748ae3f6eaef	GET	/notes	http://localhost:3000
20221223	16:27:47	857935ee-8f0f-4113-9b29-7de5956ea194	GET	/notes	http://localhost:3000
20221223	16:27:49	9897ad04-c850-4e98-9168-9bb52a0d321e	GET	/notes	http://localhost:3000
20221223	16:27:50	4bab720a-7793-411e-a84e-26ca37efcac8	OPTIONS	/notes	http://localhost:3000
20221223	16:27:50	463cb3e8-458e-4ffc-ad8a-552cf28d9c89	GET	/notes	http://localhost:3000
20221223	16:27:52	ee95090c-ad0b-4877-ba62-c98701c96095	GET	/notes	http://localhost:3000
20221223	16:27:53	ff1db7b9-c189-4c3a-a7c7-24afb411fa7f	GET	/notes	http://localhost:3000
20221223	16:27:55	b9db04ed-2994-4f9d-bbc7-09582c30fef9	GET	/notes	http://localhost:3000
20221223	16:27:57	9db552a2-34b9-446d-ad60-9fdd43ccef79	OPTIONS	/notes	http://localhost:3000
20221223	16:27:57	37e27397-4e2b-4d23-befc-fd4c220891a4	GET	/notes	http://localhost:3000
20221223	16:27:58	95825a10-95dc-475a-9676-2b16ef862b2f	GET	/notes	http://localhost:3000
20221223	16:28:00	06bf4bf1-382a-43bb-97e8-b3137fc0b2e1	GET	/notes	http://localhost:3000
20221223	16:28:01	1e59b0b5-21d7-4c2c-b54c-cb017a63a0e7	GET	/notes	http://localhost:3000
20221223	16:28:02	00a77914-28a0-454a-bc08-321f8bee629c	OPTIONS	/notes	http://localhost:3000
20221223	16:28:02	5d2d0571-565a-4ae8-8f06-558bb8ba5705	GET	/notes	http://localhost:3000
20221223	16:28:04	be73bfc3-62de-4e3c-84be-71107f311fbe	GET	/notes	http://localhost:3000
20221223	16:28:05	5cd6076a-8dfe-470e-bc47-9cc8e794f457	GET	/notes	http://localhost:3000
20221223	16:28:15	fd2e43a3-9970-4729-9ecb-8ade0e4de26c	OPTIONS	/users	http://localhost:3000
20221223	16:28:15	1d7ba7da-79fe-4752-8a32-73bf80948289	GET	/users	http://localhost:3000
20221223	16:29:53	91c16174-4c85-40b3-a297-f22f7a85890d	OPTIONS	/auth/logout	http://localhost:3000
20221223	16:29:53	cddf6201-4240-471d-bd64-97bbbb732cc3	POST	/auth/logout	http://localhost:3000
20221223	19:42:03	34041f43-08f4-4bc2-9dff-bc8b029503f8	OPTIONS	/auth	http://localhost:3000
20221223	19:42:03	e337c595-3c51-4829-8e93-dcf463e99335	POST	/auth	http://localhost:3000
20221223	19:42:04	29aec693-c155-48f0-a80c-7864099c7069	OPTIONS	/notes	http://localhost:3000
20221223	19:42:04	a4ecdbd6-2ec3-4a2a-969a-0b32b7fceb4e	OPTIONS	/users	http://localhost:3000
20221223	19:42:04	5eb331f1-6a8e-4299-8597-1a1df3b91055	GET	/notes	http://localhost:3000
20221223	19:42:04	51225fbb-3b1f-4030-91de-cef74af82965	GET	/users	http://localhost:3000
20221223	19:42:09	6e8f0732-6a88-4332-b062-540a40e03d45	OPTIONS	/notes	http://localhost:3000
20221223	19:42:09	2852cb8e-0ccd-40d9-8802-6fbfb97f762f	GET	/notes	http://localhost:3000
20221223	19:42:11	fdbb380f-fdda-4e00-a90a-ac5005628c95	GET	/notes	http://localhost:3000
20221223	19:42:12	f917ec80-89e6-4369-926e-8fd811805429	GET	/notes	http://localhost:3000
20221223	19:42:14	f9a649ee-154f-4b6a-adaf-60fbfd9c6b43	GET	/notes	http://localhost:3000
20221223	19:42:14	bdeb1e84-b91f-4be3-8012-c01c9d33742d	GET	/users	http://localhost:3000
20221223	19:42:14	5bebd9df-a0a7-4184-9a91-471b991912ff	GET	/notes	http://localhost:3000
20221223	19:42:16	14ea049d-b20e-4e7f-9a9f-c01eb6b1d591	GET	/notes	http://localhost:3000
20221223	19:42:20	6dfe16c6-f73c-4cca-9f8d-779a8446af1b	GET	/users	http://localhost:3000
20221223	19:42:25	b4d73e46-0884-47c2-8e3e-ca74d514e3e3	POST	/auth/logout	http://localhost:3000
20221223	20:50:22	e187ffe0-9f69-4f0d-8043-e794054fd1b4	OPTIONS	/auth	http://localhost:3000
20221223	20:50:22	c7a9ff06-f2c3-4141-bb70-93ae2afa6924	POST	/auth	http://localhost:3000
20221223	20:50:23	1e36c856-7829-473f-9958-0bbfe0dcc938	OPTIONS	/notes	http://localhost:3000
20221223	20:50:23	b146f436-686e-4a57-aa77-8aa6db809f84	OPTIONS	/users	http://localhost:3000
20221223	20:50:23	f02ba17f-4f77-4f49-84c2-9a527053d13c	GET	/notes	http://localhost:3000
20221223	20:50:23	01c2e419-c3e0-4151-aea7-719be1633b89	GET	/users	http://localhost:3000
20221223	20:50:25	2fd8e52b-0966-4f77-a272-1fd0686b3ea3	GET	/notes	http://localhost:3000
20221223	20:50:28	dff84685-afaa-43b8-a20a-6858fd3181c0	GET	/auth/refresh	http://localhost:3000
20221223	20:50:29	003bd2ea-04a9-4064-8b0f-5e1e6b440ee6	OPTIONS	/notes	http://localhost:3000
20221223	20:50:29	70fcbc4a-0ae3-446e-bfd9-5baa1850079a	OPTIONS	/notes	http://localhost:3000
20221223	20:50:29	cdbba83e-829a-40f5-98a9-c586addc330b	OPTIONS	/users	http://localhost:3000
20221223	20:50:29	827e4c21-3906-47da-9e12-0f8bb122ca30	GET	/notes	http://localhost:3000
20221223	20:50:29	1624728e-7179-48a0-9927-1bbfd64d071e	GET	/users	http://localhost:3000
20221223	20:50:29	99c99bbc-05b6-4631-9d76-0d7bb70434ef	GET	/notes	http://localhost:3000
20221223	20:50:30	472bcc91-3a7b-4fa6-bdfc-e8c9261b7eb4	GET	/notes	http://localhost:3000
20221223	20:50:32	9578d4df-118f-49f4-8fcf-bc1cf9f0432e	GET	/notes	http://localhost:3000
20221223	20:50:34	bc052926-0508-4707-b4da-50bb974631e9	GET	/notes	http://localhost:3000
20221223	20:50:35	8f83bfe3-bb73-48a2-af44-371e6455d996	OPTIONS	/notes	http://localhost:3000
20221223	20:50:35	42db7dce-3343-47e6-9fa9-7dc08b53c660	GET	/notes	http://localhost:3000
20221223	20:50:37	4233ec91-d3cf-4318-b148-b09932fa3e65	GET	/notes	http://localhost:3000
20221223	20:50:38	61613903-4bfd-4ea4-b0d3-a62ad397b67a	GET	/notes	http://localhost:3000
20221223	20:50:40	a44ec970-fb1e-4b76-a759-3535982dd24e	GET	/notes	http://localhost:3000
20221223	20:50:41	919f3cbe-0327-49f8-858c-c4c93165e54e	OPTIONS	/notes	http://localhost:3000
20221223	20:50:41	37df9d60-1aa5-47f4-9226-ac7b3032b041	GET	/notes	http://localhost:3000
20221223	20:50:43	070f8fcf-de68-4521-8d84-3efd44ac3a71	GET	/notes	http://localhost:3000
20221223	20:50:45	3ded5132-fcee-4dc7-befa-68681dc19939	GET	/notes	http://localhost:3000
20221223	20:50:46	b39cd7eb-6420-4322-9618-dc3b91e15a87	GET	/notes	http://localhost:3000
20221223	20:50:48	c32d4a13-6ff8-4e1b-922b-0257a4325c0d	OPTIONS	/notes	http://localhost:3000
20221223	20:50:48	db1ac81f-76b3-4391-a373-5f2587c7a0ed	GET	/notes	http://localhost:3000
20221223	20:50:50	95178e68-aa9a-4541-b98d-8734f96b8886	GET	/notes	http://localhost:3000
20221223	20:50:51	aca9ee36-c31b-4936-badb-91b8924ecd5e	GET	/notes	http://localhost:3000
20221223	20:50:53	7e9f0e39-bf5c-4a0e-80a1-63e7db3691c1	GET	/notes	http://localhost:3000
20221223	20:50:54	099bfb09-f5c6-4107-aa8e-850f420f1433	OPTIONS	/notes	http://localhost:3000
20221223	20:50:54	68920060-c853-47ed-8254-03f5b396c158	GET	/notes	http://localhost:3000
20221223	20:50:56	3ae3f012-5337-4492-8736-6de78a949af2	GET	/notes	http://localhost:3000
20221223	20:50:57	7c541046-75f8-4164-831d-4dd172b086cb	GET	/notes	http://localhost:3000
20221223	20:50:59	297500c3-a22e-438b-be0a-3f972b8930b3	GET	/notes	http://localhost:3000
20221223	20:51:01	27921b9d-d73c-4397-b4f2-e39e4d215f9a	OPTIONS	/notes	http://localhost:3000
20221223	20:51:01	18b94b18-20c6-4181-94a7-d94be5630a4e	GET	/notes	http://localhost:3000
20221223	20:51:02	aba54a33-132d-493b-9913-b75d2a044b51	GET	/notes	http://localhost:3000
20221223	20:51:04	d07655b5-e4d3-49a5-aecb-b75e6f9b2a5c	GET	/notes	http://localhost:3000
20221223	20:51:05	51bd10d5-54e0-4d75-a76c-e376f875e8ac	GET	/notes	http://localhost:3000
20221223	20:51:07	06cc123f-6a93-43f6-ac8e-73489da175b9	OPTIONS	/notes	http://localhost:3000
20221223	20:51:07	cd5eff53-f3da-451f-9cf9-a48801c9c523	GET	/notes	http://localhost:3000
20221223	20:51:09	898de843-911b-4dca-9512-339640b81aa0	GET	/notes	http://localhost:3000
20221223	20:51:10	c9aa101e-3b30-4f84-932d-27898267248b	GET	/notes	http://localhost:3000
20221223	20:51:12	a6bdfc1c-b415-4aaa-8cda-a7b2adc4ad30	GET	/notes	http://localhost:3000
20221223	20:51:13	2bbfb0eb-e3f0-4ff1-9a92-b9e83e04eccf	OPTIONS	/notes	http://localhost:3000
20221223	20:51:13	6eca63df-e37a-4fae-8312-7324a1cb5ef1	GET	/notes	http://localhost:3000
20221223	20:51:15	704318cf-0752-4a5a-8f43-d4cb67bb8d49	GET	/notes	http://localhost:3000
20221223	20:51:17	e29e1971-8214-4b9c-b62b-102e0bc2dfb7	GET	/notes	http://localhost:3000
20221223	20:51:18	c57a4eb0-469e-46a3-bf6e-c01d89487ba0	GET	/notes	http://localhost:3000
20221223	20:51:20	2cba28a7-e1db-4615-85fa-d69f8fe2708a	OPTIONS	/notes	http://localhost:3000
20221223	20:51:20	71151014-afb4-4886-aca7-98049ddcaa35	GET	/notes	http://localhost:3000
20221223	20:51:22	6c102c2a-5469-4c93-9510-460c8917488b	GET	/notes	http://localhost:3000
20221223	20:51:24	40e3564d-1582-415c-be8f-675730ccad3b	GET	/notes	http://localhost:3000
20221223	20:51:25	9cd22e67-f55e-454b-b87e-4a36705403d9	OPTIONS	/notes	http://localhost:3000
20221223	20:51:25	869d4a41-ac2f-4dc0-930e-34b60dafd810	GET	/notes	http://localhost:3000
20221223	20:51:27	8ba2e536-3cdc-4b75-9e2b-d78de3d90e83	GET	/notes	http://localhost:3000
20221223	20:51:28	47970871-4d01-4e61-87c0-52e3e7d029b9	GET	/notes	http://localhost:3000
20221223	20:51:30	90012c11-3dba-4959-a969-a10d2822d1a1	GET	/notes	http://localhost:3000
20221223	20:51:32	ace47191-06d3-4395-911f-f2b95b0da73c	OPTIONS	/notes	http://localhost:3000
20221223	20:51:32	16cb18d4-dfb8-477f-aa93-0fa4934a69d0	GET	/notes	http://localhost:3000
20221223	20:51:33	aec79a9f-5f32-49d4-897d-cc29fa82dd99	GET	/notes	http://localhost:3000
20221223	20:51:35	1fc7610f-2375-44d8-ab45-9b3944ff0a18	GET	/notes	http://localhost:3000
20221223	20:51:36	6af37b1a-ded4-48f8-be48-2d0104672053	GET	/notes	http://localhost:3000
20221223	20:51:38	19fbe96b-8fa6-41ce-9b8b-7a53605a0f59	OPTIONS	/notes	http://localhost:3000
20221223	20:51:38	6776fce3-2d33-482c-8cbc-a13da0e8a45d	GET	/notes	http://localhost:3000
20221223	20:51:40	110a1bab-0d47-4860-83e2-f50e2e331c42	GET	/notes	http://localhost:3000
20221223	20:51:41	ea1af632-9ea3-4c20-bd4c-67d88be270d0	GET	/notes	http://localhost:3000
20221223	20:51:43	aef31b2a-a0f8-4947-b95f-ec08a10d07c2	GET	/notes	http://localhost:3000
20221223	20:51:45	03c0f32e-0c1f-478d-be89-63af41df2ea9	OPTIONS	/users	http://localhost:3000
20221223	20:51:45	d20af3b8-8e5f-4782-bdd9-6a8f9a1f36c7	GET	/users	http://localhost:3000
20221223	20:51:47	f2655e8d-f837-4975-b09f-e46cda2ebef8	GET	/auth/refresh	http://localhost:3000
20221223	20:51:47	1b85077a-6543-40ef-9c85-6bf7bec151cc	GET	/users	http://localhost:3000
20221223	20:51:47	ab4ad811-940b-43bc-b93b-43c794f28880	OPTIONS	/notes	http://localhost:3000
20221223	20:51:47	ce3e66af-b22f-44e8-ae15-8e53431e667e	GET	/notes	http://localhost:3000
20221223	20:51:47	bb66e09d-ed54-472e-b1f9-e53ab6e9309d	GET	/users	http://localhost:3000
20221223	20:51:53	f76c441b-04bc-4e0c-a43d-d5b896fd0578	OPTIONS	/users	http://localhost:3000
20221223	20:51:53	d07e89a7-e49d-4021-880b-96554df02767	GET	/users	http://localhost:3000
20221223	20:55:04	f5d71687-bb7c-421f-959b-9d5ce94965b2	OPTIONS	/users	http://localhost:3000
20221223	20:55:04	f4d721fe-be20-4011-a2fe-54882f139707	PATCH	/users	http://localhost:3000
20221223	20:55:05	585f0062-96b6-4ac1-9d9b-456381a5a054	GET	/users	http://localhost:3000
20221223	20:55:05	c03666ef-6e62-493a-9220-7fe22ae375d7	GET	/users	http://localhost:3000
20221223	20:55:11	b77f038f-a8a3-46a1-9e13-ec4c1ead8cce	OPTIONS	/users	http://localhost:3000
20221223	20:55:11	81458820-e5b6-489f-85c8-6afc2eb8633c	GET	/users	http://localhost:3000
20221223	20:55:22	b6a7b641-ed62-404e-9a67-53feb4c2dda7	GET	/auth/refresh	http://localhost:3000
20221223	20:55:22	4e1a8613-ced6-49d3-9dd7-9691d80ec0a9	OPTIONS	/users	http://localhost:3000
20221223	20:55:22	7c890f6b-3287-45be-97a0-d8310a291b7f	OPTIONS	/notes	http://localhost:3000
20221223	20:55:22	210751e2-76ad-4ddd-8e30-8fa4694b37b7	OPTIONS	/users	http://localhost:3000
20221223	20:55:22	5f4b09f8-cf8f-4e53-8527-f2120bbcd888	GET	/users	http://localhost:3000
20221223	20:55:22	8c569c1a-bd80-4b0d-a649-acf65005873c	GET	/notes	http://localhost:3000
20221223	20:55:22	b4496113-3f35-4a05-b866-2b0e5304f3df	GET	/users	http://localhost:3000
20221223	20:55:28	4a5cc7ff-669c-4f43-9777-69a3aacf5b59	OPTIONS	/users	http://localhost:3000
20221223	20:55:28	2546e3ed-e08e-4d5f-ba7a-24580c9c45e3	GET	/users	http://localhost:3000
20221223	20:55:34	301f34b5-2080-4e03-81bf-97e97b4b4448	OPTIONS	/users	http://localhost:3000
20221223	20:55:34	81c65b4c-283e-40ba-b7dd-f56183e9a6c2	GET	/users	http://localhost:3000
20221223	20:55:41	e8b71b64-292d-4d38-8f09-58a55997d3f2	OPTIONS	/users	http://localhost:3000
20221223	20:55:41	723dd857-d3d5-462a-9325-b402c2432c45	GET	/users	http://localhost:3000
20221223	20:55:47	7f78126d-84d9-4766-babd-c464b2f2fe0f	OPTIONS	/users	http://localhost:3000
20221223	20:55:47	5bec6c4b-ca7d-4d7a-ae73-b1c086bc3fc9	GET	/users	http://localhost:3000
20221223	20:55:53	0239db98-8dd1-47f0-89bc-4a2fdc24d5cf	OPTIONS	/users	http://localhost:3000
20221223	20:55:53	086d271a-586b-4d99-a171-823c992e6900	GET	/users	http://localhost:3000
20221223	20:55:59	80abc614-2604-4622-a2dc-a78fe5d8e655	OPTIONS	/users	http://localhost:3000
20221223	20:55:59	70ecd5c2-0b0a-431d-96bb-d7b7803522d4	GET	/users	http://localhost:3000
20221223	20:56:03	d8b9b49d-090f-4e0a-be78-9afdc00f1cdb	GET	/users	http://localhost:3000
20221223	20:56:09	88a7727a-bf6b-4d2d-a4b3-3a165fb83aea	OPTIONS	/users	http://localhost:3000
20221223	20:56:09	230b752a-250d-40e3-81f3-8f29c56ba7c7	GET	/users	http://localhost:3000
20221223	20:56:15	980ff206-843c-40c7-bda5-d3e6643786d6	OPTIONS	/users	http://localhost:3000
20221223	20:56:15	0dd05175-d14f-416d-a437-201e9c5b81c5	GET	/users	http://localhost:3000
20221223	20:56:21	5dd750d9-2e86-4801-a8c9-450258cd853b	OPTIONS	/users	http://localhost:3000
20221223	20:56:21	d15fae20-f676-4039-8407-979858c3cfe0	GET	/users	http://localhost:3000
20221223	20:56:27	0007a675-08ee-47d1-b48f-38c10e6bf4d5	OPTIONS	/users	http://localhost:3000
20221223	20:56:27	360fe0bd-6b3a-4851-b526-b94c23d84edb	GET	/users	http://localhost:3000
20221223	20:56:33	6aedbd1a-8275-4708-9f23-12e8eaa87199	OPTIONS	/users	http://localhost:3000
20221223	20:56:33	67ea7b43-31ae-49b7-a363-ab9ed7829561	GET	/users	http://localhost:3000
20221223	20:56:39	ec20efac-40c7-4de1-b105-ff478aef22ec	OPTIONS	/users	http://localhost:3000
20221223	20:56:39	ed51578e-1697-4161-8c04-19a3046016d5	GET	/users	http://localhost:3000
20221223	20:56:45	9122fb4d-504b-42a1-ba78-afa68cccb062	OPTIONS	/users	http://localhost:3000
20221223	20:56:45	f7e53f3c-c2d8-455b-86f6-49309bc27607	GET	/users	http://localhost:3000
20221223	20:56:46	f1abf4c9-a758-443e-aa17-53da24843ad2	GET	/users	http://localhost:3000
20221223	20:56:49	81ed4a93-404e-4155-af36-2a31522317ed	OPTIONS	/auth/logout	http://localhost:3000
20221223	20:56:49	6ce1d89a-27fa-4b27-8d68-bde477bd759e	POST	/auth/logout	http://localhost:3000
20221223	20:57:05	bda121fa-fa35-484b-8faf-d0ffe8a1fe8a	GET	/auth/refresh	http://localhost:3000
20221223	20:57:27	57d16fa2-e761-4d87-b374-4e8914141975	GET	/auth/refresh	http://localhost:3000
20221223	21:44:27	fa5459c5-e3ad-4546-a47f-0ef5c9d9f5f6	OPTIONS	/auth	http://localhost:3000
20221223	21:44:27	69f518c7-e5f8-40bb-88a9-e98e291b4ff9	POST	/auth	http://localhost:3000
20221223	21:44:28	2a06d0d8-d506-4f9e-b64e-7c86ddc0a8d3	OPTIONS	/notes	http://localhost:3000
20221223	21:44:28	67ef6ffe-6828-4770-a390-bb3923894144	OPTIONS	/users	http://localhost:3000
20221223	21:44:28	7907656f-cbda-4786-a9f0-eab94f00980c	GET	/notes	http://localhost:3000
20221223	21:44:28	15bcde79-23b9-4385-a105-b5e2ae2b3b92	GET	/users	http://localhost:3000
20221223	21:44:31	309b2851-8c31-4b33-8bb1-8c18a792b7fe	GET	/notes	http://localhost:3000
20221223	21:44:32	e6ce90a9-0c91-43ff-8c8c-f825f06352de	GET	/notes	http://localhost:3000
20221223	23:23:04	a4e3f123-44d4-4957-8585-7ee50deb376c	GET	/auth/refresh	http://localhost:3000
20221223	23:23:51	72c78cde-a5d2-4630-bcc3-c145832b4b72	OPTIONS	/notes	http://localhost:3000
20221223	23:23:51	27e2096d-2a47-4a74-87f0-da1c34360cbe	OPTIONS	/users	http://localhost:3000
20221223	23:23:51	0c87fe9b-62a6-4e61-910b-8c305f0bcd97	GET	/notes	http://localhost:3000
20221223	23:23:51	10c822ef-3489-48ae-83ec-0d18f2697a45	GET	/users	http://localhost:3000
20221223	23:23:54	a0aad68c-cb4e-4462-a8cf-f97a5bc1223b	GET	/notes	http://localhost:3000
20221223	23:23:56	e8bf181c-2828-4950-85e5-c2c5a8caff1c	GET	/notes	http://localhost:3000
20221223	23:24:22	93cf959a-4626-4d2b-9e4d-803bc09da8fe	OPTIONS	/users	http://localhost:3000
20221223	23:24:22	028cd871-5a4d-4719-986b-de69c107082d	GET	/users	http://localhost:3000
20221223	23:24:28	8f992a28-9252-4faf-b769-44574aa480b1	OPTIONS	/users	http://localhost:3000
20221223	23:24:28	a118fc3d-0ca7-4efb-8f3f-7921abfa9cf3	GET	/users	http://localhost:3000
20221223	23:24:31	b34a543f-135b-4536-a6af-b4036f6c94f1	GET	/users	http://localhost:3000
20221223	23:24:54	4d8263b5-17f6-4442-9965-c03c74f41aa5	GET	/auth/refresh	http://localhost:3000
20221223	23:24:54	9911bfcb-d36b-40a2-917f-3bf398e89e94	OPTIONS	/notes	http://localhost:3000
20221223	23:24:55	12831ba1-f4c3-48fb-a3b1-efdae353de6f	OPTIONS	/users	http://localhost:3000
20221223	23:24:55	2de59284-c6ac-4762-ba17-5e559fbdde67	GET	/notes	http://localhost:3000
20221223	23:24:55	c3d46b30-fdbf-46b6-bd30-3eec6bf8bf97	GET	/users	http://localhost:3000
20221223	23:35:16	dd802658-1978-4cc3-af88-8bc34b4b8f7b	OPTIONS	/users	http://localhost:3000
20221223	23:35:16	4decae70-c0d8-4993-a1c1-073d803b8704	GET	/users	http://localhost:3000
20221223	23:35:21	7001720d-2d57-41eb-94ae-aa9079056e2b	OPTIONS	/auth/logout	http://localhost:3000
20221223	23:35:21	1edcef7d-b22c-46bb-8792-2445f4750226	POST	/auth/logout	http://localhost:3000
20221223	23:35:32	46794e32-acae-48cc-98b7-ba4f7bc625c2	OPTIONS	/auth	http://localhost:3000
20221223	23:35:32	83fb28f0-0dab-43a0-a9f6-8fff73633877	POST	/auth	http://localhost:3000
20221223	23:35:32	8825ec4d-4219-4939-8213-3e62224d41c4	OPTIONS	/notes	http://localhost:3000
20221223	23:35:32	800a15a5-b47e-457b-a39b-7e9c477105b6	OPTIONS	/users	http://localhost:3000
20221223	23:35:32	cabb5c68-41e5-4fb0-878f-594fdd8fd897	GET	/notes	http://localhost:3000
20221223	23:35:32	104b7387-3b38-4b07-b17b-74aa5b0eb49c	GET	/users	http://localhost:3000
20221223	23:36:06	10b7015e-168f-4eac-b616-9c9cf51a3bbf	OPTIONS	/auth/logout	http://localhost:3000
20221223	23:36:06	eddb7f4c-81fc-42de-a55b-4271b717bfa8	POST	/auth/logout	http://localhost:3000
20221223	23:36:28	3d21a876-a070-41c7-a654-bf1a8bdfc8de	OPTIONS	/auth	http://localhost:3000
20221223	23:36:28	d7e0bb86-851c-4a9e-9526-3ab619179d7f	POST	/auth	http://localhost:3000
20221223	23:38:01	ee289d91-5f67-4ca6-8181-1862e495ea78	OPTIONS	/auth	http://localhost:3000
20221223	23:38:01	d7a5739a-b74f-4a9b-a40d-40f5dfda345b	POST	/auth	http://localhost:3000
20221223	23:39:05	3db69ffb-ac74-49f4-9ddb-83bb8cd684a9	OPTIONS	/auth	http://localhost:3000
20221223	23:39:05	089c2691-272d-47e9-9535-09d63e212181	POST	/auth	http://localhost:3000
20221223	23:39:20	b418634e-7c4d-4465-b639-b23ca261df3c	OPTIONS	/auth	http://localhost:3000
20221223	23:39:20	b8ddef4d-6bc8-489d-a813-bc113da05b56	POST	/auth	http://localhost:3000
20221223	23:40:49	d9c46805-202f-49e8-a915-d7883a7c6a0c	OPTIONS	/auth	http://localhost:3000
20221223	23:40:49	26961f6f-fa49-40eb-a825-7f8e83bf5e63	POST	/auth	http://localhost:3000
20221223	23:40:49	b53636a5-d964-4354-bb70-f6dd836211d4	OPTIONS	/notes	http://localhost:3000
20221223	23:40:49	b698f91a-9c06-4d99-b6b9-367de60da04f	OPTIONS	/users	http://localhost:3000
20221223	23:40:49	ef0c0615-85dc-4207-9c6b-6b2d09e209a8	GET	/notes	http://localhost:3000
20221223	23:40:49	c221e901-98ff-492d-b474-44f019d149a5	GET	/users	http://localhost:3000
20221223	23:56:56	eb6c8223-b092-4de0-afe2-91f6e8c93f6e	OPTIONS	/notes	http://localhost:3000
20221223	23:56:56	307bf460-ba3f-4b49-8d49-150b531e6c1b	GET	/notes	http://localhost:3000
20221223	23:56:56	82c567e1-9ba8-4ccb-a034-1570bbaf527e	OPTIONS	/auth/refresh	http://localhost:3000
20221223	23:56:56	a9223ef4-4209-4b04-bc7e-6bc22d8265fb	GET	/auth/refresh	http://localhost:3000
20221223	23:56:56	5949693c-7300-474c-a90a-aa5db28aa6ef	GET	/notes	http://localhost:3000
20221223	23:56:58	fb557d5a-7094-479f-b03a-bf112c06ed46	GET	/notes	http://localhost:3000
20221223	23:57:04	e3f7e90d-bbe7-43dd-8e29-fc15021bd955	OPTIONS	/users	http://localhost:3000
20221223	23:57:04	4d66bc3e-5a51-498a-b712-cffa1cc88922	GET	/users	http://localhost:3000
20221223	23:57:12	e63e91bb-de47-486a-b7eb-6780f7febaec	OPTIONS	/users	http://localhost:3000
20221223	23:57:12	0e6d6ad1-1a94-42a7-ab5b-8313b5186ac5	PATCH	/users	http://localhost:3000
20221223	23:57:12	022b2380-5c9f-4a30-861f-666cc2808f1f	GET	/users	http://localhost:3000
20221223	23:57:12	d6f96ec6-4d10-4d74-aa75-620a1777dd80	GET	/users	http://localhost:3000
20221223	23:57:17	e3529feb-cac4-4938-a78c-af08f534c19b	OPTIONS	/users	http://localhost:3000
20221223	23:57:17	cb9ccad3-ea27-44ae-85aa-67d8d464994a	DELETE	/users	http://localhost:3000
20221223	23:57:17	a45acf14-6cb9-490f-bea4-43ad47f05859	GET	/users	http://localhost:3000
20221223	23:57:17	3a47ff54-8991-4763-a5b1-d71b960a0440	GET	/users	http://localhost:3000
20221223	23:59:44	dc724ea9-302b-4b4e-a5ab-b52c346a1f16	OPTIONS	/notes	http://localhost:3000
20221223	23:59:44	020ca743-bf19-4f93-849c-330a9e824afb	GET	/notes	http://localhost:3000
20221223	23:59:46	709a8cf4-4be4-4a6e-8d2d-5b8801384299	GET	/notes	http://localhost:3000
20221224	00:00:18	72bd6c86-9920-4acf-a23a-7738d406ac2c	GET	/auth/refresh	http://localhost:3000
20221224	00:00:18	eb367412-e941-4b5c-a33d-f7b342a55c01	OPTIONS	/notes	http://localhost:3000
20221224	00:00:18	abe1111f-dfb5-4c3d-a301-d7489626bd1d	OPTIONS	/users	http://localhost:3000
20221224	00:00:18	fa0588e2-1477-49c2-a7d8-be5c9353d54c	GET	/notes	http://localhost:3000
20221224	00:00:18	bcdee30a-aa88-4bfd-82e2-99bd7771df9b	GET	/users	http://localhost:3000
20221224	08:40:18	bfe2200d-8c6e-408e-bc46-8769ff62bb71	OPTIONS	/users	http://localhost:3000
20221224	08:40:18	ddd7efd6-21d5-400d-9f4a-cf65ce2452c0	OPTIONS	/auth/refresh	http://localhost:3000
20221224	08:40:18	017abbee-1a20-44e7-a989-a2fc1f3320ec	GET	/auth/refresh	http://localhost:3000
20221224	08:40:18	8093d2ff-d671-45c1-b5b7-4c6f50f87ac3	GET	/users	http://localhost:3000
20221224	08:40:19	0af92b21-086f-402f-bd10-dedf072c8ac8	GET	/users	http://localhost:3000
20221224	08:40:25	fa8a21e3-4c55-461d-bf4e-eb280638d064	OPTIONS	/users	http://localhost:3000
20221224	08:40:25	6ef25fda-98f9-460a-b5d4-4c0406017083	GET	/users	http://localhost:3000
20221224	08:40:39	21c0984c-d5bd-4841-9487-3ab1c48ed315	OPTIONS	/users	http://localhost:3000
20221224	08:40:39	40d9b8fd-8d8c-46ef-9ad1-bc9334253bbf	POST	/users	http://localhost:3000
20221224	08:40:39	85ba9eb9-6949-4d13-a22b-9a031313a12a	GET	/users	http://localhost:3000
20221224	08:40:40	398a6bcc-4dc5-436d-adba-e07f0caebe90	GET	/users	http://localhost:3000
20221224	08:40:45	739a5403-3028-46ad-a8ba-5e4f5a0a099d	OPTIONS	/auth/logout	http://localhost:3000
20221224	08:40:45	3d5a6da9-1ea6-4938-af63-d461c057832d	POST	/auth/logout	http://localhost:3000
20221224	08:41:03	45482372-785b-40fd-b7da-3396305b58dd	OPTIONS	/auth	http://localhost:3000
20221224	08:41:03	a6e013f1-ab27-44d9-8512-4bae87dc881c	POST	/auth	http://localhost:3000
20221224	08:41:03	5edee4be-fe85-499e-9fc2-79770c92f6c2	OPTIONS	/notes	http://localhost:3000
20221224	08:41:03	143cc15b-bef9-4afd-ab6b-27d6bdc995d0	OPTIONS	/users	http://localhost:3000
20221224	08:41:03	b8a5a907-fd2e-4d7f-9f5e-c6af8233e06e	GET	/notes	http://localhost:3000
20221224	08:41:03	e2a00f70-de5b-4f52-9737-cd1dc4ae1700	GET	/users	http://localhost:3000
20221224	08:41:07	b19ad858-568e-46b1-b05e-7675995de721	GET	/notes	http://localhost:3000
20221224	08:41:09	b9bdc8b5-e4ef-40d5-aaa8-c0a5825c459d	OPTIONS	/notes	http://localhost:3000
20221224	08:41:09	794439ca-66f2-4605-904d-167d7ea83cce	GET	/notes	http://localhost:3000
20221224	08:41:21	2af42053-3e9c-407b-9122-e1f12a49e2d3	OPTIONS	/notes	http://localhost:3000
20221224	08:41:21	1449e65b-a4bd-41b7-aa49-cab6a81db389	GET	/notes	http://localhost:3000
20221224	08:42:06	de977a45-c018-464a-aee3-699638d5b77c	OPTIONS	/notes	http://localhost:3000
20221224	08:42:06	fe9ce096-630b-4834-8bd6-1f70b7ee82db	GET	/notes	http://localhost:3000
20221224	08:42:08	20a1e8f9-24e9-48bb-a947-00951c3b1ca6	GET	/notes	http://localhost:3000
20221224	08:42:10	8c693ad6-090c-412d-a5f5-3a06e5ebdece	GET	/notes	http://localhost:3000
20221224	11:02:18	3abe7aab-40d9-42da-a9af-54741f2d9878	GET	/auth/refresh	http://localhost:3000
20221224	11:03:06	7187d28f-9d4a-4c96-b473-44adeb98c6ca	OPTIONS	/auth	http://localhost:3000
20221224	11:03:06	a54a1dd0-1158-4b75-a1b4-52579c4c9ae5	POST	/auth	http://localhost:3000
20221224	11:03:50	0eb70555-c697-43a1-b511-95f943b23650	GET	/auth/refresh	http://localhost:3000
20221224	11:04:14	c7729669-6e2e-4dae-8d60-6e1afbe1e783	OPTIONS	/auth	http://localhost:3000
20221224	11:04:14	c6b57509-e299-4e82-8e8b-d4eddb7974f1	POST	/auth	http://localhost:3000
20221224	11:05:34	fb4d9e4e-44fc-49ce-a3cd-3eea9d88ed33	OPTIONS	/auth	http://localhost:3000
20221224	11:05:34	0cadd6ba-c641-4a82-a3be-b583e3812061	POST	/auth	http://localhost:3000
20221224	11:07:00	30cdd4ef-b216-4a12-92d6-21a55ed78d6f	GET	/auth/refresh	http://localhost:3000
20221224	11:07:17	190c9b7a-d7df-4cba-8453-8d61f580b14f	GET	/auth/refresh	http://localhost:3000
20221224	11:08:21	dcb8f64b-3a9e-47de-846d-64f6ed0e3bcf	OPTIONS	/notes	http://localhost:3000
20221224	11:08:21	d5f471d4-61e2-43e2-80fd-e9df4a6c21e4	OPTIONS	/users	http://localhost:3000
20221224	11:08:21	c73ed2c7-e21c-4ac6-96a0-f24fdc017fff	GET	/notes	http://localhost:3000
20221224	11:08:21	61ec00ee-525d-48b2-bae9-27ac265130b5	GET	/users	http://localhost:3000
20221224	11:08:23	9429a5ae-274c-45a9-870d-dd6d0c80dc43	GET	/auth/refresh	http://localhost:3000
20221224	11:08:23	f3fb49ad-2f42-4c06-b7ec-bae18fc3b5d3	GET	/notes	http://localhost:3000
20221224	11:08:23	526f22ad-6c99-4a12-ae01-1336d0a1e464	GET	/users	http://localhost:3000
20221224	16:49:05	c1b1329b-52bd-422b-96ed-554573372805	OPTIONS	/auth	http://localhost:3000
20221224	16:49:05	e874d938-c600-4d85-aae6-f7f2df79843b	POST	/auth	http://localhost:3000
20221224	16:49:25	c1f567fc-5a04-4f6f-a463-7fb9a7977b79	OPTIONS	/auth	http://localhost:3000
20221224	16:49:25	0be02824-6cc6-4be2-81e6-562d36a78c3b	POST	/auth	http://localhost:3000
20221224	16:49:48	ba98a900-9fee-4c44-b3ab-179c16ca25a7	GET	/auth/refresh	http://localhost:3000
20221224	16:49:58	a5facfa2-4639-4fb0-baec-3ab5e309ff57	GET	/auth/refresh	http://localhost:3000
20221224	16:50:17	5af62ab6-963c-4195-9468-e3b0f7cf4edf	OPTIONS	/auth	http://localhost:3000
20221224	16:50:17	7adf6672-efb8-4b55-99e0-ae52ec9873f5	POST	/auth	http://localhost:3000
20221224	16:50:47	647b7347-8fe9-49da-ba41-f1a4d0a52fba	OPTIONS	/auth	http://localhost:3000
20221224	16:50:47	eb36f630-55d8-49bc-b6ea-fea54bd29b55	POST	/auth	http://localhost:3000
20221224	16:54:19	4c3212d5-a120-44c2-8872-187ab64b15d0	OPTIONS	/auth	http://localhost:3000
20221224	16:54:19	4bf99ade-50f6-4110-9469-d05a40f4ba00	POST	/auth	http://localhost:3000
20221224	16:54:36	a417e146-f523-4dd4-844b-39390ecf9cdf	OPTIONS	/auth	http://localhost:3000
20221224	16:54:36	d0315088-b49c-4c1b-bf9d-88fc943c0eab	POST	/auth	http://localhost:3000
20221224	16:56:11	7e468e9e-cf81-4627-b40a-aeddb790f695	OPTIONS	/auth	http://localhost:3000
20221224	16:56:11	22c35717-ef06-4c4f-8ed4-ea79640f1be8	POST	/auth	http://localhost:3000
20221224	16:56:49	97d61555-f841-4013-966d-3dca1a385f30	OPTIONS	/auth	http://localhost:3000
20221224	16:56:49	b845c1a3-1c0d-4732-a81b-14286bc3f7e5	POST	/auth	http://localhost:3000
20221224	17:10:56	5d31438a-0eb3-4511-b719-82ff277511fb	OPTIONS	/auth	http://localhost:3000
20221224	17:10:56	0eb7ecd3-e80e-451a-ad66-4f6dae42791e	POST	/auth	http://localhost:3000
20221224	17:11:13	a4000c79-0de7-4b3c-939f-9cc4cca4e30d	OPTIONS	/auth	http://localhost:3000
20221224	17:11:13	9f4e4811-79ca-4900-997d-0d4ffce04c17	POST	/auth	http://localhost:3000
20221224	17:12:38	47dfa7f1-19a3-46bd-ad8a-a3b6bcc3b3d4	OPTIONS	/auth	http://localhost:3000
20221224	17:12:38	1742f5b3-fc7f-4582-ae0b-c872be58ec10	POST	/auth	http://localhost:3000
20221224	17:12:39	94724202-c800-4822-bd9d-c36749dfb8aa	OPTIONS	/notes	http://localhost:3000
20221224	17:12:39	f79352a9-35a7-49b2-95b5-29d3dd075ee3	OPTIONS	/users	http://localhost:3000
20221224	17:12:39	30dd7b50-fad3-42ec-9cff-e8703ea193b7	GET	/notes	http://localhost:3000
20221224	17:12:39	7b65dd8e-8d59-445e-9596-44fd9eda8c92	GET	/users	http://localhost:3000
20221224	17:12:46	24e5e33f-e7df-4b70-9807-a6f32183c2ac	OPTIONS	/notes	http://localhost:3000
20221224	17:12:46	c96c3b65-40b4-49c8-897a-798c2225561a	GET	/notes	http://localhost:3000
20221224	17:12:57	79d871db-8a12-49ea-a070-cd319e51ff6c	GET	/auth/refresh	http://localhost:3000
20221224	17:12:58	18b709dc-0b80-4441-8c2f-18483874ba3d	OPTIONS	/notes	http://localhost:3000
20221224	17:12:58	0769e0fd-b836-4b8e-8bd1-0320714d718e	OPTIONS	/users	http://localhost:3000
20221224	17:12:58	3a51b266-c9ca-4a41-aaf3-5cffd4df09ba	GET	/notes	http://localhost:3000
20221224	17:12:58	36c5ffbe-3f11-4bf2-aee5-8cbb64c4d831	GET	/users	http://localhost:3000
